{
  "/Users/macmini/Desktop/file-zenith-web/commitlint.config.cjs": {
    "path": "/Users/macmini/Desktop/file-zenith-web/commitlint.config.cjs",
    "all": true,
    "statementMap": {
      "0": { "start": { "line": 1, "column": 0 }, "end": { "line": 1, "column": 44 } },
      "1": { "start": { "line": 2, "column": 0 }, "end": { "line": 2, "column": 42 } },
      "2": { "start": { "line": 3, "column": 0 }, "end": { "line": 3, "column": 0 } },
      "3": { "start": { "line": 4, "column": 0 }, "end": { "line": 4, "column": 18 } },
      "4": { "start": { "line": 5, "column": 0 }, "end": { "line": 5, "column": 50 } },
      "5": { "start": { "line": 6, "column": 0 }, "end": { "line": 6, "column": 47 } },
      "6": { "start": { "line": 7, "column": 0 }, "end": { "line": 7, "column": 10 } },
      "7": { "start": { "line": 8, "column": 0 }, "end": { "line": 8, "column": 40 } },
      "8": { "start": { "line": 9, "column": 0 }, "end": { "line": 9, "column": 42 } },
      "9": { "start": { "line": 10, "column": 0 }, "end": { "line": 10, "column": 44 } },
      "10": { "start": { "line": 11, "column": 0 }, "end": { "line": 11, "column": 34 } },
      "11": { "start": { "line": 12, "column": 0 }, "end": { "line": 12, "column": 31 } },
      "12": { "start": { "line": 13, "column": 0 }, "end": { "line": 13, "column": 24 } },
      "13": { "start": { "line": 14, "column": 0 }, "end": { "line": 14, "column": 18 } },
      "14": { "start": { "line": 15, "column": 0 }, "end": { "line": 15, "column": 8 } },
      "15": { "start": { "line": 16, "column": 0 }, "end": { "line": 16, "column": 15 } },
      "16": { "start": { "line": 17, "column": 0 }, "end": { "line": 17, "column": 7 } },
      "17": { "start": { "line": 18, "column": 0 }, "end": { "line": 18, "column": 15 } },
      "18": { "start": { "line": 19, "column": 0 }, "end": { "line": 19, "column": 14 } },
      "19": { "start": { "line": 20, "column": 0 }, "end": { "line": 20, "column": 15 } },
      "20": { "start": { "line": 21, "column": 0 }, "end": { "line": 21, "column": 16 } },
      "21": { "start": { "line": 22, "column": 0 }, "end": { "line": 22, "column": 19 } },
      "22": { "start": { "line": 23, "column": 0 }, "end": { "line": 23, "column": 15 } },
      "23": { "start": { "line": 24, "column": 0 }, "end": { "line": 24, "column": 15 } },
      "24": { "start": { "line": 25, "column": 0 }, "end": { "line": 25, "column": 16 } },
      "25": { "start": { "line": 26, "column": 0 }, "end": { "line": 26, "column": 13 } },
      "26": { "start": { "line": 27, "column": 0 }, "end": { "line": 27, "column": 16 } },
      "27": { "start": { "line": 28, "column": 0 }, "end": { "line": 28, "column": 17 } },
      "28": { "start": { "line": 29, "column": 0 }, "end": { "line": 29, "column": 14 } },
      "29": { "start": { "line": 30, "column": 0 }, "end": { "line": 30, "column": 19 } },
      "30": { "start": { "line": 31, "column": 0 }, "end": { "line": 31, "column": 16 } },
      "31": { "start": { "line": 32, "column": 0 }, "end": { "line": 32, "column": 18 } },
      "32": { "start": { "line": 33, "column": 0 }, "end": { "line": 33, "column": 8 } },
      "33": { "start": { "line": 34, "column": 0 }, "end": { "line": 34, "column": 6 } },
      "34": { "start": { "line": 35, "column": 0 }, "end": { "line": 35, "column": 4 } },
      "35": { "start": { "line": 36, "column": 0 }, "end": { "line": 36, "column": 11 } },
      "36": { "start": { "line": 37, "column": 0 }, "end": { "line": 37, "column": 15 } },
      "37": { "start": { "line": 38, "column": 0 }, "end": { "line": 38, "column": 64 } },
      "38": { "start": { "line": 39, "column": 0 }, "end": { "line": 39, "column": 59 } },
      "39": { "start": { "line": 40, "column": 0 }, "end": { "line": 40, "column": 54 } },
      "40": { "start": { "line": 41, "column": 0 }, "end": { "line": 41, "column": 78 } },
      "41": { "start": { "line": 42, "column": 0 }, "end": { "line": 42, "column": 98 } },
      "42": { "start": { "line": 43, "column": 0 }, "end": { "line": 43, "column": 85 } },
      "43": { "start": { "line": 44, "column": 0 }, "end": { "line": 44, "column": 93 } },
      "44": { "start": { "line": 45, "column": 0 }, "end": { "line": 45, "column": 50 } },
      "45": { "start": { "line": 46, "column": 0 }, "end": { "line": 46, "column": 66 } },
      "46": { "start": { "line": 47, "column": 0 }, "end": { "line": 47, "column": 79 } },
      "47": { "start": { "line": 48, "column": 0 }, "end": { "line": 48, "column": 12 } },
      "48": { "start": { "line": 49, "column": 0 }, "end": { "line": 49, "column": 29 } },
      "49": { "start": { "line": 50, "column": 0 }, "end": { "line": 50, "column": 32 } },
      "50": { "start": { "line": 51, "column": 0 }, "end": { "line": 51, "column": 38 } },
      "51": { "start": { "line": 52, "column": 0 }, "end": { "line": 52, "column": 36 } },
      "52": { "start": { "line": 53, "column": 0 }, "end": { "line": 53, "column": 47 } },
      "53": { "start": { "line": 54, "column": 0 }, "end": { "line": 54, "column": 51 } },
      "54": { "start": { "line": 55, "column": 0 }, "end": { "line": 55, "column": 49 } },
      "55": { "start": { "line": 56, "column": 0 }, "end": { "line": 56, "column": 47 } },
      "56": { "start": { "line": 57, "column": 0 }, "end": { "line": 57, "column": 54 } },
      "57": { "start": { "line": 58, "column": 0 }, "end": { "line": 58, "column": 41 } },
      "58": { "start": { "line": 59, "column": 0 }, "end": { "line": 59, "column": 6 } },
      "59": { "start": { "line": 60, "column": 0 }, "end": { "line": 60, "column": 12 } },
      "60": { "start": { "line": 61, "column": 0 }, "end": { "line": 61, "column": 7 } },
      "61": { "start": { "line": 62, "column": 0 }, "end": { "line": 62, "column": 22 } },
      "62": { "start": { "line": 63, "column": 0 }, "end": { "line": 63, "column": 44 } },
      "63": { "start": { "line": 64, "column": 0 }, "end": { "line": 64, "column": 20 } },
      "64": { "start": { "line": 65, "column": 0 }, "end": { "line": 65, "column": 8 } },
      "65": { "start": { "line": 66, "column": 0 }, "end": { "line": 66, "column": 7 } },
      "66": { "start": { "line": 67, "column": 0 }, "end": { "line": 67, "column": 21 } },
      "67": { "start": { "line": 68, "column": 0 }, "end": { "line": 68, "column": 40 } },
      "68": { "start": { "line": 69, "column": 0 }, "end": { "line": 69, "column": 20 } },
      "69": { "start": { "line": 70, "column": 0 }, "end": { "line": 70, "column": 8 } },
      "70": { "start": { "line": 71, "column": 0 }, "end": { "line": 71, "column": 7 } },
      "71": { "start": { "line": 72, "column": 0 }, "end": { "line": 72, "column": 22 } },
      "72": { "start": { "line": 73, "column": 0 }, "end": { "line": 73, "column": 57 } },
      "73": { "start": { "line": 74, "column": 0 }, "end": { "line": 74, "column": 20 } },
      "74": { "start": { "line": 75, "column": 0 }, "end": { "line": 75, "column": 8 } },
      "75": { "start": { "line": 76, "column": 0 }, "end": { "line": 76, "column": 7 } },
      "76": { "start": { "line": 77, "column": 0 }, "end": { "line": 77, "column": 23 } },
      "77": { "start": { "line": 78, "column": 0 }, "end": { "line": 78, "column": 81 } },
      "78": { "start": { "line": 79, "column": 0 }, "end": { "line": 79, "column": 20 } },
      "79": { "start": { "line": 80, "column": 0 }, "end": { "line": 80, "column": 8 } },
      "80": { "start": { "line": 81, "column": 0 }, "end": { "line": 81, "column": 7 } },
      "81": { "start": { "line": 82, "column": 0 }, "end": { "line": 82, "column": 26 } },
      "82": { "start": { "line": 83, "column": 0 }, "end": { "line": 83, "column": 89 } },
      "83": { "start": { "line": 84, "column": 0 }, "end": { "line": 84, "column": 20 } },
      "84": { "start": { "line": 85, "column": 0 }, "end": { "line": 85, "column": 8 } },
      "85": { "start": { "line": 86, "column": 0 }, "end": { "line": 86, "column": 7 } },
      "86": { "start": { "line": 87, "column": 0 }, "end": { "line": 87, "column": 22 } },
      "87": { "start": { "line": 88, "column": 0 }, "end": { "line": 88, "column": 70 } },
      "88": { "start": { "line": 89, "column": 0 }, "end": { "line": 89, "column": 20 } },
      "89": { "start": { "line": 90, "column": 0 }, "end": { "line": 90, "column": 8 } },
      "90": { "start": { "line": 91, "column": 0 }, "end": { "line": 91, "column": 7 } },
      "91": { "start": { "line": 92, "column": 0 }, "end": { "line": 92, "column": 22 } },
      "92": { "start": { "line": 93, "column": 0 }, "end": { "line": 93, "column": 79 } },
      "93": { "start": { "line": 94, "column": 0 }, "end": { "line": 94, "column": 19 } },
      "94": { "start": { "line": 95, "column": 0 }, "end": { "line": 95, "column": 8 } },
      "95": { "start": { "line": 96, "column": 0 }, "end": { "line": 96, "column": 7 } },
      "96": { "start": { "line": 97, "column": 0 }, "end": { "line": 97, "column": 23 } },
      "97": { "start": { "line": 98, "column": 0 }, "end": { "line": 98, "column": 94 } },
      "98": { "start": { "line": 99, "column": 0 }, "end": { "line": 99, "column": 21 } },
      "99": { "start": { "line": 100, "column": 0 }, "end": { "line": 100, "column": 8 } },
      "100": { "start": { "line": 101, "column": 0 }, "end": { "line": 101, "column": 7 } },
      "101": { "start": { "line": 102, "column": 0 }, "end": { "line": 102, "column": 20 } },
      "102": { "start": { "line": 103, "column": 0 }, "end": { "line": 103, "column": 80 } },
      "103": { "start": { "line": 104, "column": 0 }, "end": { "line": 104, "column": 20 } },
      "104": { "start": { "line": 105, "column": 0 }, "end": { "line": 105, "column": 8 } },
      "105": { "start": { "line": 106, "column": 0 }, "end": { "line": 106, "column": 7 } },
      "106": { "start": { "line": 107, "column": 0 }, "end": { "line": 107, "column": 23 } },
      "107": { "start": { "line": 108, "column": 0 }, "end": { "line": 108, "column": 80 } },
      "108": { "start": { "line": 109, "column": 0 }, "end": { "line": 109, "column": 20 } },
      "109": { "start": { "line": 110, "column": 0 }, "end": { "line": 110, "column": 8 } },
      "110": { "start": { "line": 111, "column": 0 }, "end": { "line": 111, "column": 7 } },
      "111": { "start": { "line": 112, "column": 0 }, "end": { "line": 112, "column": 24 } },
      "112": { "start": { "line": 113, "column": 0 }, "end": { "line": 113, "column": 56 } },
      "113": { "start": { "line": 114, "column": 0 }, "end": { "line": 114, "column": 20 } },
      "114": { "start": { "line": 115, "column": 0 }, "end": { "line": 115, "column": 8 } },
      "115": { "start": { "line": 116, "column": 0 }, "end": { "line": 116, "column": 12 } },
      "116": { "start": { "line": 117, "column": 0 }, "end": { "line": 117, "column": 62 } },
      "117": { "start": { "line": 118, "column": 0 }, "end": { "line": 118, "column": 62 } },
      "118": { "start": { "line": 119, "column": 0 }, "end": { "line": 119, "column": 62 } },
      "119": { "start": { "line": 120, "column": 0 }, "end": { "line": 120, "column": 82 } },
      "120": { "start": { "line": 121, "column": 0 }, "end": { "line": 121, "column": 79 } },
      "121": { "start": { "line": 122, "column": 0 }, "end": { "line": 122, "column": 62 } },
      "122": { "start": { "line": 123, "column": 0 }, "end": { "line": 123, "column": 69 } },
      "123": { "start": { "line": 124, "column": 0 }, "end": { "line": 124, "column": 97 } },
      "124": { "start": { "line": 125, "column": 0 }, "end": { "line": 125, "column": 69 } },
      "125": { "start": { "line": 126, "column": 0 }, "end": { "line": 126, "column": 67 } },
      "126": { "start": { "line": 127, "column": 0 }, "end": { "line": 127, "column": 85 } },
      "127": { "start": { "line": 128, "column": 0 }, "end": { "line": 128, "column": 6 } },
      "128": { "start": { "line": 129, "column": 0 }, "end": { "line": 129, "column": 19 } },
      "129": { "start": { "line": 130, "column": 0 }, "end": { "line": 130, "column": 23 } },
      "130": { "start": { "line": 131, "column": 0 }, "end": { "line": 131, "column": 15 } },
      "131": { "start": { "line": 132, "column": 0 }, "end": { "line": 132, "column": 28 } },
      "132": { "start": { "line": 133, "column": 0 }, "end": { "line": 133, "column": 27 } },
      "133": { "start": { "line": 134, "column": 0 }, "end": { "line": 134, "column": 32 } },
      "134": { "start": { "line": 135, "column": 0 }, "end": { "line": 135, "column": 32 } },
      "135": { "start": { "line": 136, "column": 0 }, "end": { "line": 136, "column": 30 } },
      "136": { "start": { "line": 137, "column": 0 }, "end": { "line": 137, "column": 28 } },
      "137": { "start": { "line": 138, "column": 0 }, "end": { "line": 138, "column": 42 } },
      "138": { "start": { "line": 139, "column": 0 }, "end": { "line": 139, "column": 25 } },
      "139": { "start": { "line": 140, "column": 0 }, "end": { "line": 140, "column": 23 } },
      "140": { "start": { "line": 141, "column": 0 }, "end": { "line": 141, "column": 22 } },
      "141": { "start": { "line": 142, "column": 0 }, "end": { "line": 142, "column": 85 } },
      "142": { "start": { "line": 143, "column": 0 }, "end": { "line": 143, "column": 35 } },
      "143": { "start": { "line": 144, "column": 0 }, "end": { "line": 144, "column": 35 } },
      "144": { "start": { "line": 145, "column": 0 }, "end": { "line": 145, "column": 38 } },
      "145": { "start": { "line": 146, "column": 0 }, "end": { "line": 146, "column": 34 } },
      "146": { "start": { "line": 147, "column": 0 }, "end": { "line": 147, "column": 33 } },
      "147": { "start": { "line": 148, "column": 0 }, "end": { "line": 148, "column": 26 } },
      "148": { "start": { "line": 149, "column": 0 }, "end": { "line": 149, "column": 30 } },
      "149": { "start": { "line": 150, "column": 0 }, "end": { "line": 150, "column": 31 } },
      "150": { "start": { "line": 151, "column": 0 }, "end": { "line": 151, "column": 24 } },
      "151": { "start": { "line": 152, "column": 0 }, "end": { "line": 152, "column": 30 } },
      "152": { "start": { "line": 153, "column": 0 }, "end": { "line": 153, "column": 20 } },
      "153": { "start": { "line": 154, "column": 0 }, "end": { "line": 154, "column": 22 } },
      "154": { "start": { "line": 155, "column": 0 }, "end": { "line": 155, "column": 21 } },
      "155": { "start": { "line": 156, "column": 0 }, "end": { "line": 156, "column": 23 } },
      "156": { "start": { "line": 157, "column": 0 }, "end": { "line": 157, "column": 4 } },
      "157": { "start": { "line": 158, "column": 0 }, "end": { "line": 158, "column": 2 } }
    },
    "s": {
      "0": 0,
      "1": 0,
      "2": 0,
      "3": 0,
      "4": 0,
      "5": 0,
      "6": 0,
      "7": 0,
      "8": 0,
      "9": 0,
      "10": 0,
      "11": 0,
      "12": 0,
      "13": 0,
      "14": 0,
      "15": 0,
      "16": 0,
      "17": 0,
      "18": 0,
      "19": 0,
      "20": 0,
      "21": 0,
      "22": 0,
      "23": 0,
      "24": 0,
      "25": 0,
      "26": 0,
      "27": 0,
      "28": 0,
      "29": 0,
      "30": 0,
      "31": 0,
      "32": 0,
      "33": 0,
      "34": 0,
      "35": 0,
      "36": 0,
      "37": 0,
      "38": 0,
      "39": 0,
      "40": 0,
      "41": 0,
      "42": 0,
      "43": 0,
      "44": 0,
      "45": 0,
      "46": 0,
      "47": 0,
      "48": 0,
      "49": 0,
      "50": 0,
      "51": 0,
      "52": 0,
      "53": 0,
      "54": 0,
      "55": 0,
      "56": 0,
      "57": 0,
      "58": 0,
      "59": 0,
      "60": 0,
      "61": 0,
      "62": 0,
      "63": 0,
      "64": 0,
      "65": 0,
      "66": 0,
      "67": 0,
      "68": 0,
      "69": 0,
      "70": 0,
      "71": 0,
      "72": 0,
      "73": 0,
      "74": 0,
      "75": 0,
      "76": 0,
      "77": 0,
      "78": 0,
      "79": 0,
      "80": 0,
      "81": 0,
      "82": 0,
      "83": 0,
      "84": 0,
      "85": 0,
      "86": 0,
      "87": 0,
      "88": 0,
      "89": 0,
      "90": 0,
      "91": 0,
      "92": 0,
      "93": 0,
      "94": 0,
      "95": 0,
      "96": 0,
      "97": 0,
      "98": 0,
      "99": 0,
      "100": 0,
      "101": 0,
      "102": 0,
      "103": 0,
      "104": 0,
      "105": 0,
      "106": 0,
      "107": 0,
      "108": 0,
      "109": 0,
      "110": 0,
      "111": 0,
      "112": 0,
      "113": 0,
      "114": 0,
      "115": 0,
      "116": 0,
      "117": 0,
      "118": 0,
      "119": 0,
      "120": 0,
      "121": 0,
      "122": 0,
      "123": 0,
      "124": 0,
      "125": 0,
      "126": 0,
      "127": 0,
      "128": 0,
      "129": 0,
      "130": 0,
      "131": 0,
      "132": 0,
      "133": 0,
      "134": 0,
      "135": 0,
      "136": 0,
      "137": 0,
      "138": 0,
      "139": 0,
      "140": 0,
      "141": 0,
      "142": 0,
      "143": 0,
      "144": 0,
      "145": 0,
      "146": 0,
      "147": 0,
      "148": 0,
      "149": 0,
      "150": 0,
      "151": 0,
      "152": 0,
      "153": 0,
      "154": 0,
      "155": 0,
      "156": 0,
      "157": 0
    },
    "branchMap": {
      "0": {
        "type": "branch",
        "line": 1,
        "loc": { "start": { "line": 1, "column": 5149 }, "end": { "line": 158, "column": 2 } },
        "locations": [
          { "start": { "line": 1, "column": 5149 }, "end": { "line": 158, "column": 2 } }
        ]
      }
    },
    "b": { "0": [0] },
    "fnMap": {
      "0": {
        "name": "(empty-report)",
        "decl": { "start": { "line": 1, "column": 5149 }, "end": { "line": 158, "column": 2 } },
        "loc": { "start": { "line": 1, "column": 5149 }, "end": { "line": 158, "column": 2 } },
        "line": 1
      }
    },
    "f": { "0": 0 }
  },
  "/Users/macmini/Desktop/file-zenith-web/eslint.config.mjs": {
    "path": "/Users/macmini/Desktop/file-zenith-web/eslint.config.mjs",
    "all": true,
    "statementMap": {
      "0": { "start": { "line": 1, "column": 0 }, "end": { "line": 1, "column": 70 } },
      "1": { "start": { "line": 2, "column": 0 }, "end": { "line": 2, "column": 63 } },
      "2": { "start": { "line": 3, "column": 0 }, "end": { "line": 3, "column": 48 } },
      "3": { "start": { "line": 4, "column": 0 }, "end": { "line": 4, "column": 45 } },
      "4": { "start": { "line": 5, "column": 0 }, "end": { "line": 5, "column": 46 } },
      "5": { "start": { "line": 6, "column": 0 }, "end": { "line": 6, "column": 40 } },
      "6": { "start": { "line": 7, "column": 0 }, "end": { "line": 7, "column": 51 } },
      "7": { "start": { "line": 8, "column": 0 }, "end": { "line": 8, "column": 31 } },
      "8": { "start": { "line": 9, "column": 0 }, "end": { "line": 9, "column": 0 } },
      "9": { "start": { "line": 10, "column": 0 }, "end": { "line": 10, "column": 16 } },
      "10": { "start": { "line": 11, "column": 0 }, "end": { "line": 11, "column": 3 } },
      "11": { "start": { "line": 12, "column": 0 }, "end": { "line": 12, "column": 78 } },
      "12": { "start": { "line": 13, "column": 0 }, "end": { "line": 13, "column": 4 } },
      "13": { "start": { "line": 14, "column": 0 }, "end": { "line": 14, "column": 3 } },
      "14": { "start": { "line": 15, "column": 0 }, "end": { "line": 15, "column": 36 } },
      "15": { "start": { "line": 16, "column": 0 }, "end": { "line": 16, "column": 22 } },
      "16": { "start": { "line": 17, "column": 0 }, "end": { "line": 17, "column": 24 } },
      "17": { "start": { "line": 18, "column": 0 }, "end": { "line": 18, "column": 27 } },
      "18": { "start": { "line": 19, "column": 0 }, "end": { "line": 19, "column": 37 } },
      "19": { "start": { "line": 20, "column": 0 }, "end": { "line": 20, "column": 22 } },
      "20": { "start": { "line": 21, "column": 0 }, "end": { "line": 21, "column": 44 } },
      "21": { "start": { "line": 22, "column": 0 }, "end": { "line": 22, "column": 8 } },
      "22": { "start": { "line": 23, "column": 0 }, "end": { "line": 23, "column": 6 } },
      "23": { "start": { "line": 24, "column": 0 }, "end": { "line": 24, "column": 14 } },
      "24": { "start": { "line": 25, "column": 0 }, "end": { "line": 25, "column": 51 } },
      "25": { "start": { "line": 26, "column": 0 }, "end": { "line": 26, "column": 12 } },
      "26": { "start": { "line": 27, "column": 0 }, "end": { "line": 27, "column": 32 } },
      "27": { "start": { "line": 28, "column": 0 }, "end": { "line": 28, "column": 26 } },
      "28": { "start": { "line": 29, "column": 0 }, "end": { "line": 29, "column": 27 } },
      "29": { "start": { "line": 30, "column": 0 }, "end": { "line": 30, "column": 15 } },
      "30": { "start": { "line": 31, "column": 0 }, "end": { "line": 31, "column": 6 } },
      "31": { "start": { "line": 32, "column": 0 }, "end": { "line": 32, "column": 12 } },
      "32": { "start": { "line": 33, "column": 0 }, "end": { "line": 33, "column": 58 } },
      "33": { "start": { "line": 34, "column": 0 }, "end": { "line": 34, "column": 44 } },
      "34": { "start": { "line": 35, "column": 0 }, "end": { "line": 35, "column": 0 } },
      "35": { "start": { "line": 36, "column": 0 }, "end": { "line": 36, "column": 28 } },
      "36": { "start": { "line": 37, "column": 0 }, "end": { "line": 37, "column": 16 } },
      "37": { "start": { "line": 38, "column": 0 }, "end": { "line": 38, "column": 9 } },
      "38": { "start": { "line": 39, "column": 0 }, "end": { "line": 39, "column": 28 } },
      "39": { "start": { "line": 40, "column": 0 }, "end": { "line": 40, "column": 10 } },
      "40": { "start": { "line": 41, "column": 0 }, "end": { "line": 41, "column": 8 } },
      "41": { "start": { "line": 42, "column": 0 }, "end": { "line": 42, "column": 23 } },
      "42": { "start": { "line": 43, "column": 0 }, "end": { "line": 43, "column": 16 } },
      "43": { "start": { "line": 44, "column": 0 }, "end": { "line": 44, "column": 9 } },
      "44": { "start": { "line": 45, "column": 0 }, "end": { "line": 45, "column": 88 } },
      "45": { "start": { "line": 46, "column": 0 }, "end": { "line": 46, "column": 39 } },
      "46": { "start": { "line": 47, "column": 0 }, "end": { "line": 47, "column": 10 } },
      "47": { "start": { "line": 48, "column": 0 }, "end": { "line": 48, "column": 8 } },
      "48": { "start": { "line": 49, "column": 0 }, "end": { "line": 49, "column": 42 } },
      "49": { "start": { "line": 50, "column": 0 }, "end": { "line": 50, "column": 16 } },
      "50": { "start": { "line": 51, "column": 0 }, "end": { "line": 51, "column": 59 } },
      "51": { "start": { "line": 52, "column": 0 }, "end": { "line": 52, "column": 62 } },
      "52": { "start": { "line": 53, "column": 0 }, "end": { "line": 53, "column": 67 } },
      "53": { "start": { "line": 54, "column": 0 }, "end": { "line": 54, "column": 58 } },
      "54": { "start": { "line": 55, "column": 0 }, "end": { "line": 55, "column": 58 } },
      "55": { "start": { "line": 56, "column": 0 }, "end": { "line": 56, "column": 63 } },
      "56": { "start": { "line": 57, "column": 0 }, "end": { "line": 57, "column": 63 } },
      "57": { "start": { "line": 58, "column": 0 }, "end": { "line": 58, "column": 61 } },
      "58": { "start": { "line": 59, "column": 0 }, "end": { "line": 59, "column": 61 } },
      "59": { "start": { "line": 60, "column": 0 }, "end": { "line": 60, "column": 74 } },
      "60": { "start": { "line": 61, "column": 0 }, "end": { "line": 61, "column": 91 } },
      "61": { "start": { "line": 62, "column": 0 }, "end": { "line": 62, "column": 8 } },
      "62": { "start": { "line": 63, "column": 0 }, "end": { "line": 63, "column": 39 } },
      "63": { "start": { "line": 64, "column": 0 }, "end": { "line": 64, "column": 50 } },
      "64": { "start": { "line": 65, "column": 0 }, "end": { "line": 65, "column": 6 } },
      "65": { "start": { "line": 66, "column": 0 }, "end": { "line": 66, "column": 15 } },
      "66": { "start": { "line": 67, "column": 0 }, "end": { "line": 67, "column": 14 } },
      "67": { "start": { "line": 68, "column": 0 }, "end": { "line": 68, "column": 26 } },
      "68": { "start": { "line": 69, "column": 0 }, "end": { "line": 69, "column": 8 } },
      "69": { "start": { "line": 70, "column": 0 }, "end": { "line": 70, "column": 6 } },
      "70": { "start": { "line": 71, "column": 0 }, "end": { "line": 71, "column": 4 } },
      "71": { "start": { "line": 72, "column": 0 }, "end": { "line": 72, "column": 2 } }
    },
    "s": {
      "0": 0,
      "1": 0,
      "2": 0,
      "3": 0,
      "4": 0,
      "5": 0,
      "6": 0,
      "7": 0,
      "8": 0,
      "9": 0,
      "10": 0,
      "11": 0,
      "12": 0,
      "13": 0,
      "14": 0,
      "15": 0,
      "16": 0,
      "17": 0,
      "18": 0,
      "19": 0,
      "20": 0,
      "21": 0,
      "22": 0,
      "23": 0,
      "24": 0,
      "25": 0,
      "26": 0,
      "27": 0,
      "28": 0,
      "29": 0,
      "30": 0,
      "31": 0,
      "32": 0,
      "33": 0,
      "34": 0,
      "35": 0,
      "36": 0,
      "37": 0,
      "38": 0,
      "39": 0,
      "40": 0,
      "41": 0,
      "42": 0,
      "43": 0,
      "44": 0,
      "45": 0,
      "46": 0,
      "47": 0,
      "48": 0,
      "49": 0,
      "50": 0,
      "51": 0,
      "52": 0,
      "53": 0,
      "54": 0,
      "55": 0,
      "56": 0,
      "57": 0,
      "58": 0,
      "59": 0,
      "60": 0,
      "61": 0,
      "62": 0,
      "63": 0,
      "64": 0,
      "65": 0,
      "66": 0,
      "67": 0,
      "68": 0,
      "69": 0,
      "70": 0,
      "71": 0
    },
    "branchMap": {
      "0": {
        "type": "branch",
        "line": 1,
        "loc": { "start": { "line": 1, "column": 0 }, "end": { "line": 72, "column": -704 } },
        "locations": [
          { "start": { "line": 1, "column": 0 }, "end": { "line": 72, "column": -704 } }
        ]
      }
    },
    "b": { "0": [0] },
    "fnMap": {
      "0": {
        "name": "(empty-report)",
        "decl": { "start": { "line": 1, "column": 0 }, "end": { "line": 72, "column": -704 } },
        "loc": { "start": { "line": 1, "column": 0 }, "end": { "line": 72, "column": -704 } },
        "line": 1
      }
    },
    "f": { "0": 0 }
  },
  "/Users/macmini/Desktop/file-zenith-web/next-env.d.ts": {
    "path": "/Users/macmini/Desktop/file-zenith-web/next-env.d.ts",
    "all": true,
    "statementMap": {},
    "s": {},
    "branchMap": {
      "0": {
        "type": "branch",
        "line": 1,
        "loc": { "start": { "line": 1, "column": 210 }, "end": { "line": 5, "column": 88 } },
        "locations": [{ "start": { "line": 1, "column": 210 }, "end": { "line": 5, "column": 88 } }]
      }
    },
    "b": { "0": [1] },
    "fnMap": {
      "0": {
        "name": "(empty-report)",
        "decl": { "start": { "line": 1, "column": 210 }, "end": { "line": 5, "column": 88 } },
        "loc": { "start": { "line": 1, "column": 210 }, "end": { "line": 5, "column": 88 } },
        "line": 1
      }
    },
    "f": { "0": 1 }
  },
  "/Users/macmini/Desktop/file-zenith-web/next.config.mjs": {
    "path": "/Users/macmini/Desktop/file-zenith-web/next.config.mjs",
    "all": true,
    "statementMap": {
      "0": { "start": { "line": 1, "column": 0 }, "end": { "line": 1, "column": 40 } },
      "1": { "start": { "line": 2, "column": 0 }, "end": { "line": 2, "column": 20 } },
      "2": { "start": { "line": 3, "column": 0 }, "end": { "line": 3, "column": 24 } },
      "3": { "start": { "line": 4, "column": 0 }, "end": { "line": 4, "column": 54 } },
      "4": { "start": { "line": 5, "column": 0 }, "end": { "line": 5, "column": 18 } },
      "5": { "start": { "line": 6, "column": 0 }, "end": { "line": 6, "column": 4 } },
      "6": { "start": { "line": 7, "column": 0 }, "end": { "line": 7, "column": 2 } },
      "7": { "start": { "line": 8, "column": 0 }, "end": { "line": 8, "column": 0 } },
      "8": { "start": { "line": 9, "column": 0 }, "end": { "line": 9, "column": 26 } }
    },
    "s": { "0": 0, "1": 0, "2": 0, "3": 0, "4": 0, "5": 0, "6": 0, "7": 0, "8": 0 },
    "branchMap": {
      "0": {
        "type": "branch",
        "line": 1,
        "loc": { "start": { "line": 1, "column": 0 }, "end": { "line": 9, "column": 14 } },
        "locations": [{ "start": { "line": 1, "column": 0 }, "end": { "line": 9, "column": 14 } }]
      }
    },
    "b": { "0": [0] },
    "fnMap": {
      "0": {
        "name": "(empty-report)",
        "decl": { "start": { "line": 1, "column": 0 }, "end": { "line": 9, "column": 14 } },
        "loc": { "start": { "line": 1, "column": 0 }, "end": { "line": 9, "column": 14 } },
        "line": 1
      }
    },
    "f": { "0": 0 }
  },
  "/Users/macmini/Desktop/file-zenith-web/playwright.config.ts": {
    "path": "/Users/macmini/Desktop/file-zenith-web/playwright.config.ts",
    "all": true,
    "statementMap": {
      "0": { "start": { "line": 1, "column": 0 }, "end": { "line": 1, "column": 57 } },
      "6": { "start": { "line": 7, "column": 0 }, "end": { "line": 7, "column": 29 } },
      "7": { "start": { "line": 8, "column": 0 }, "end": { "line": 8, "column": 25 } },
      "8": { "start": { "line": 9, "column": 0 }, "end": { "line": 9, "column": 22 } },
      "9": { "start": { "line": 10, "column": 0 }, "end": { "line": 10, "column": 31 } },
      "10": { "start": { "line": 11, "column": 0 }, "end": { "line": 11, "column": 34 } },
      "11": { "start": { "line": 12, "column": 0 }, "end": { "line": 12, "column": 42 } },
      "14": { "start": { "line": 15, "column": 0 }, "end": { "line": 15, "column": 62 } },
      "17": { "start": { "line": 18, "column": 0 }, "end": { "line": 18, "column": 33 } },
      "19": { "start": { "line": 20, "column": 0 }, "end": { "line": 20, "column": 8 } },
      "20": { "start": { "line": 21, "column": 0 }, "end": { "line": 21, "column": 37 } },
      "21": { "start": { "line": 22, "column": 0 }, "end": { "line": 22, "column": 28 } },
      "22": { "start": { "line": 23, "column": 0 }, "end": { "line": 23, "column": 34 } },
      "23": { "start": { "line": 24, "column": 0 }, "end": { "line": 24, "column": 4 } },
      "24": { "start": { "line": 25, "column": 0 }, "end": { "line": 25, "column": 13 } },
      "25": { "start": { "line": 26, "column": 0 }, "end": { "line": 26, "column": 5 } },
      "26": { "start": { "line": 27, "column": 0 }, "end": { "line": 27, "column": 23 } },
      "27": { "start": { "line": 28, "column": 0 }, "end": { "line": 28, "column": 44 } },
      "28": { "start": { "line": 29, "column": 0 }, "end": { "line": 29, "column": 6 } },
      "29": { "start": { "line": 30, "column": 0 }, "end": { "line": 30, "column": 5 } },
      "30": { "start": { "line": 31, "column": 0 }, "end": { "line": 31, "column": 22 } },
      "31": { "start": { "line": 32, "column": 0 }, "end": { "line": 32, "column": 45 } },
      "32": { "start": { "line": 33, "column": 0 }, "end": { "line": 33, "column": 6 } },
      "33": { "start": { "line": 34, "column": 0 }, "end": { "line": 34, "column": 5 } },
      "34": { "start": { "line": 35, "column": 0 }, "end": { "line": 35, "column": 21 } },
      "35": { "start": { "line": 36, "column": 0 }, "end": { "line": 36, "column": 44 } },
      "36": { "start": { "line": 37, "column": 0 }, "end": { "line": 37, "column": 6 } },
      "37": { "start": { "line": 38, "column": 0 }, "end": { "line": 38, "column": 5 } },
      "38": { "start": { "line": 39, "column": 0 }, "end": { "line": 39, "column": 28 } },
      "39": { "start": { "line": 40, "column": 0 }, "end": { "line": 40, "column": 37 } },
      "40": { "start": { "line": 41, "column": 0 }, "end": { "line": 41, "column": 6 } },
      "41": { "start": { "line": 42, "column": 0 }, "end": { "line": 42, "column": 5 } },
      "42": { "start": { "line": 43, "column": 0 }, "end": { "line": 43, "column": 28 } },
      "43": { "start": { "line": 44, "column": 0 }, "end": { "line": 44, "column": 39 } },
      "44": { "start": { "line": 45, "column": 0 }, "end": { "line": 45, "column": 6 } },
      "45": { "start": { "line": 46, "column": 0 }, "end": { "line": 46, "column": 4 } },
      "46": { "start": { "line": 47, "column": 0 }, "end": { "line": 47, "column": 14 } },
      "47": { "start": { "line": 48, "column": 0 }, "end": { "line": 48, "column": 24 } },
      "48": { "start": { "line": 49, "column": 0 }, "end": { "line": 49, "column": 33 } },
      "49": { "start": { "line": 50, "column": 0 }, "end": { "line": 50, "column": 41 } },
      "50": { "start": { "line": 51, "column": 0 }, "end": { "line": 51, "column": 19 } },
      "51": { "start": { "line": 52, "column": 0 }, "end": { "line": 52, "column": 19 } },
      "52": { "start": { "line": 53, "column": 0 }, "end": { "line": 53, "column": 4 } },
      "53": { "start": { "line": 54, "column": 0 }, "end": { "line": 54, "column": 3 } }
    },
    "s": {
      "0": 0,
      "6": 0,
      "7": 0,
      "8": 0,
      "9": 0,
      "10": 0,
      "11": 0,
      "14": 0,
      "17": 0,
      "19": 0,
      "20": 0,
      "21": 0,
      "22": 0,
      "23": 0,
      "24": 0,
      "25": 0,
      "26": 0,
      "27": 0,
      "28": 0,
      "29": 0,
      "30": 0,
      "31": 0,
      "32": 0,
      "33": 0,
      "34": 0,
      "35": 0,
      "36": 0,
      "37": 0,
      "38": 0,
      "39": 0,
      "40": 0,
      "41": 0,
      "42": 0,
      "43": 0,
      "44": 0,
      "45": 0,
      "46": 0,
      "47": 0,
      "48": 0,
      "49": 0,
      "50": 0,
      "51": 0,
      "52": 0,
      "53": 0
    },
    "branchMap": {
      "0": {
        "type": "branch",
        "line": 1,
        "loc": { "start": { "line": 1, "column": 0 }, "end": { "line": 54, "column": -112 } },
        "locations": [
          { "start": { "line": 1, "column": 0 }, "end": { "line": 54, "column": -112 } }
        ]
      }
    },
    "b": { "0": [0] },
    "fnMap": {
      "0": {
        "name": "(empty-report)",
        "decl": { "start": { "line": 1, "column": 0 }, "end": { "line": 54, "column": -112 } },
        "loc": { "start": { "line": 1, "column": 0 }, "end": { "line": 54, "column": -112 } },
        "line": 1
      }
    },
    "f": { "0": 0 }
  },
  "/Users/macmini/Desktop/file-zenith-web/postcss.config.mjs": {
    "path": "/Users/macmini/Desktop/file-zenith-web/postcss.config.mjs",
    "all": true,
    "statementMap": {
      "0": { "start": { "line": 1, "column": 0 }, "end": { "line": 1, "column": 40 } },
      "1": { "start": { "line": 2, "column": 0 }, "end": { "line": 2, "column": 16 } },
      "2": { "start": { "line": 3, "column": 0 }, "end": { "line": 3, "column": 12 } },
      "3": { "start": { "line": 4, "column": 0 }, "end": { "line": 4, "column": 31 } },
      "4": { "start": { "line": 5, "column": 0 }, "end": { "line": 5, "column": 4 } },
      "5": { "start": { "line": 6, "column": 0 }, "end": { "line": 6, "column": 2 } },
      "6": { "start": { "line": 7, "column": 0 }, "end": { "line": 7, "column": 0 } },
      "7": { "start": { "line": 8, "column": 0 }, "end": { "line": 8, "column": 22 } }
    },
    "s": { "0": 0, "1": 0, "2": 0, "3": 0, "4": 0, "5": 0, "6": 0, "7": 0 },
    "branchMap": {
      "0": {
        "type": "branch",
        "line": 1,
        "loc": { "start": { "line": 1, "column": 0 }, "end": { "line": 8, "column": 14 } },
        "locations": [{ "start": { "line": 1, "column": 0 }, "end": { "line": 8, "column": 14 } }]
      }
    },
    "b": { "0": [0] },
    "fnMap": {
      "0": {
        "name": "(empty-report)",
        "decl": { "start": { "line": 1, "column": 0 }, "end": { "line": 8, "column": 14 } },
        "loc": { "start": { "line": 1, "column": 0 }, "end": { "line": 8, "column": 14 } },
        "line": 1
      }
    },
    "f": { "0": 0 }
  },
  "/Users/macmini/Desktop/file-zenith-web/tailwind.config.ts": {
    "path": "/Users/macmini/Desktop/file-zenith-web/tailwind.config.ts",
    "all": true,
    "statementMap": {
      "2": { "start": { "line": 3, "column": 0 }, "end": { "line": 3, "column": 16 } },
      "3": { "start": { "line": 4, "column": 0 }, "end": { "line": 4, "column": 40 } },
      "5": { "start": { "line": 6, "column": 0 }, "end": { "line": 6, "column": 12 } },
      "6": { "start": { "line": 7, "column": 0 }, "end": { "line": 7, "column": 28 } },
      "7": { "start": { "line": 8, "column": 0 }, "end": { "line": 8, "column": 33 } },
      "8": { "start": { "line": 9, "column": 0 }, "end": { "line": 9, "column": 26 } },
      "9": { "start": { "line": 10, "column": 0 }, "end": { "line": 10, "column": 26 } },
      "10": { "start": { "line": 11, "column": 0 }, "end": { "line": 11, "column": 4 } },
      "11": { "start": { "line": 12, "column": 0 }, "end": { "line": 12, "column": 10 } },
      "12": { "start": { "line": 13, "column": 0 }, "end": { "line": 13, "column": 16 } },
      "13": { "start": { "line": 14, "column": 0 }, "end": { "line": 14, "column": 19 } },
      "14": { "start": { "line": 15, "column": 0 }, "end": { "line": 15, "column": 22 } },
      "15": { "start": { "line": 16, "column": 0 }, "end": { "line": 16, "column": 16 } },
      "16": { "start": { "line": 17, "column": 0 }, "end": { "line": 17, "column": 24 } },
      "17": { "start": { "line": 18, "column": 0 }, "end": { "line": 18, "column": 8 } },
      "18": { "start": { "line": 19, "column": 0 }, "end": { "line": 19, "column": 6 } },
      "19": { "start": { "line": 20, "column": 0 }, "end": { "line": 20, "column": 13 } },
      "20": { "start": { "line": 21, "column": 0 }, "end": { "line": 21, "column": 21 } },
      "21": { "start": { "line": 22, "column": 0 }, "end": { "line": 22, "column": 31 } },
      "22": { "start": { "line": 23, "column": 0 }, "end": { "line": 23, "column": 43 } },
      "23": { "start": { "line": 24, "column": 0 }, "end": { "line": 24, "column": 43 } },
      "24": { "start": { "line": 25, "column": 0 }, "end": { "line": 25, "column": 8 } },
      "25": { "start": { "line": 26, "column": 0 }, "end": { "line": 26, "column": 18 } },
      "26": { "start": { "line": 27, "column": 0 }, "end": { "line": 27, "column": 27 } },
      "27": { "start": { "line": 28, "column": 0 }, "end": { "line": 28, "column": 17 } },
      "28": { "start": { "line": 29, "column": 0 }, "end": { "line": 29, "column": 24 } },
      "29": { "start": { "line": 30, "column": 0 }, "end": { "line": 30, "column": 12 } },
      "30": { "start": { "line": 31, "column": 0 }, "end": { "line": 31, "column": 15 } },
      "31": { "start": { "line": 32, "column": 0 }, "end": { "line": 32, "column": 60 } },
      "32": { "start": { "line": 33, "column": 0 }, "end": { "line": 33, "column": 12 } },
      "33": { "start": { "line": 34, "column": 0 }, "end": { "line": 34, "column": 10 } },
      "34": { "start": { "line": 35, "column": 0 }, "end": { "line": 35, "column": 25 } },
      "35": { "start": { "line": 36, "column": 0 }, "end": { "line": 36, "column": 17 } },
      "36": { "start": { "line": 37, "column": 0 }, "end": { "line": 37, "column": 60 } },
      "37": { "start": { "line": 38, "column": 0 }, "end": { "line": 38, "column": 12 } },
      "38": { "start": { "line": 39, "column": 0 }, "end": { "line": 39, "column": 15 } },
      "39": { "start": { "line": 40, "column": 0 }, "end": { "line": 40, "column": 24 } },
      "40": { "start": { "line": 41, "column": 0 }, "end": { "line": 41, "column": 12 } },
      "41": { "start": { "line": 42, "column": 0 }, "end": { "line": 42, "column": 10 } },
      "42": { "start": { "line": 43, "column": 0 }, "end": { "line": 43, "column": 22 } },
      "43": { "start": { "line": 44, "column": 0 }, "end": { "line": 44, "column": 17 } },
      "44": { "start": { "line": 45, "column": 0 }, "end": { "line": 45, "column": 25 } },
      "45": { "start": { "line": 46, "column": 0 }, "end": { "line": 46, "column": 43 } },
      "46": { "start": { "line": 47, "column": 0 }, "end": { "line": 47, "column": 12 } },
      "47": { "start": { "line": 48, "column": 0 }, "end": { "line": 48, "column": 15 } },
      "48": { "start": { "line": 49, "column": 0 }, "end": { "line": 49, "column": 25 } },
      "49": { "start": { "line": 50, "column": 0 }, "end": { "line": 50, "column": 39 } },
      "50": { "start": { "line": 51, "column": 0 }, "end": { "line": 51, "column": 12 } },
      "51": { "start": { "line": 52, "column": 0 }, "end": { "line": 52, "column": 10 } },
      "52": { "start": { "line": 53, "column": 0 }, "end": { "line": 53, "column": 8 } },
      "53": { "start": { "line": 54, "column": 0 }, "end": { "line": 54, "column": 18 } },
      "54": { "start": { "line": 55, "column": 0 }, "end": { "line": 55, "column": 57 } },
      "55": { "start": { "line": 56, "column": 0 }, "end": { "line": 56, "column": 53 } },
      "56": { "start": { "line": 57, "column": 0 }, "end": { "line": 57, "column": 39 } },
      "57": { "start": { "line": 58, "column": 0 }, "end": { "line": 58, "column": 8 } },
      "58": { "start": { "line": 59, "column": 0 }, "end": { "line": 59, "column": 6 } },
      "59": { "start": { "line": 60, "column": 0 }, "end": { "line": 60, "column": 4 } },
      "60": { "start": { "line": 61, "column": 0 }, "end": { "line": 61, "column": 14 } },
      "61": { "start": { "line": 62, "column": 0 }, "end": { "line": 62, "column": 19 } },
      "63": { "start": { "line": 64, "column": 0 }, "end": { "line": 64, "column": 22 } }
    },
    "s": {
      "2": 0,
      "3": 0,
      "5": 0,
      "6": 0,
      "7": 0,
      "8": 0,
      "9": 0,
      "10": 0,
      "11": 0,
      "12": 0,
      "13": 0,
      "14": 0,
      "15": 0,
      "16": 0,
      "17": 0,
      "18": 0,
      "19": 0,
      "20": 0,
      "21": 0,
      "22": 0,
      "23": 0,
      "24": 0,
      "25": 0,
      "26": 0,
      "27": 0,
      "28": 0,
      "29": 0,
      "30": 0,
      "31": 0,
      "32": 0,
      "33": 0,
      "34": 0,
      "35": 0,
      "36": 0,
      "37": 0,
      "38": 0,
      "39": 0,
      "40": 0,
      "41": 0,
      "42": 0,
      "43": 0,
      "44": 0,
      "45": 0,
      "46": 0,
      "47": 0,
      "48": 0,
      "49": 0,
      "50": 0,
      "51": 0,
      "52": 0,
      "53": 0,
      "54": 0,
      "55": 0,
      "56": 0,
      "57": 0,
      "58": 0,
      "59": 0,
      "60": 0,
      "61": 0,
      "63": 0
    },
    "branchMap": {
      "0": {
        "type": "branch",
        "line": 1,
        "loc": { "start": { "line": 1, "column": 1408 }, "end": { "line": 64, "column": 22 } },
        "locations": [
          { "start": { "line": 1, "column": 1408 }, "end": { "line": 64, "column": 22 } }
        ]
      }
    },
    "b": { "0": [1] },
    "fnMap": {
      "0": {
        "name": "(empty-report)",
        "decl": { "start": { "line": 1, "column": 1408 }, "end": { "line": 64, "column": 22 } },
        "loc": { "start": { "line": 1, "column": 1408 }, "end": { "line": 64, "column": 22 } },
        "line": 1
      }
    },
    "f": { "0": 1 }
  },
  "/Users/macmini/Desktop/file-zenith-web/vitest.config.ts": {
    "path": "/Users/macmini/Desktop/file-zenith-web/vitest.config.ts",
    "all": true,
    "statementMap": {
      "0": { "start": { "line": 1, "column": 0 }, "end": { "line": 1, "column": 45 } },
      "1": { "start": { "line": 2, "column": 0 }, "end": { "line": 2, "column": 41 } },
      "2": { "start": { "line": 3, "column": 0 }, "end": { "line": 3, "column": 31 } },
      "4": { "start": { "line": 5, "column": 0 }, "end": { "line": 5, "column": 29 } },
      "5": { "start": { "line": 6, "column": 0 }, "end": { "line": 6, "column": 9 } },
      "6": { "start": { "line": 7, "column": 0 }, "end": { "line": 7, "column": 18 } },
      "7": { "start": { "line": 8, "column": 0 }, "end": { "line": 8, "column": 25 } },
      "8": { "start": { "line": 9, "column": 0 }, "end": { "line": 9, "column": 36 } },
      "9": { "start": { "line": 10, "column": 0 }, "end": { "line": 10, "column": 14 } },
      "10": { "start": { "line": 11, "column": 0 }, "end": { "line": 11, "column": 54 } },
      "11": { "start": { "line": 12, "column": 0 }, "end": { "line": 12, "column": 61 } },
      "12": { "start": { "line": 13, "column": 0 }, "end": { "line": 13, "column": 6 } },
      "13": { "start": { "line": 14, "column": 0 }, "end": { "line": 14, "column": 14 } },
      "14": { "start": { "line": 15, "column": 0 }, "end": { "line": 15, "column": 27 } },
      "15": { "start": { "line": 16, "column": 0 }, "end": { "line": 16, "column": 19 } },
      "16": { "start": { "line": 17, "column": 0 }, "end": { "line": 17, "column": 32 } },
      "17": { "start": { "line": 18, "column": 0 }, "end": { "line": 18, "column": 24 } },
      "18": { "start": { "line": 19, "column": 0 }, "end": { "line": 19, "column": 20 } },
      "19": { "start": { "line": 20, "column": 0 }, "end": { "line": 20, "column": 6 } },
      "20": { "start": { "line": 21, "column": 0 }, "end": { "line": 21, "column": 15 } },
      "21": { "start": { "line": 22, "column": 0 }, "end": { "line": 22, "column": 21 } },
      "22": { "start": { "line": 23, "column": 0 }, "end": { "line": 23, "column": 41 } },
      "23": { "start": { "line": 24, "column": 0 }, "end": { "line": 24, "column": 43 } },
      "24": { "start": { "line": 25, "column": 0 }, "end": { "line": 25, "column": 86 } },
      "25": { "start": { "line": 26, "column": 0 }, "end": { "line": 26, "column": 6 } },
      "26": { "start": { "line": 27, "column": 0 }, "end": { "line": 27, "column": 35 } },
      "27": { "start": { "line": 28, "column": 0 }, "end": { "line": 28, "column": 17 } },
      "28": { "start": { "line": 29, "column": 0 }, "end": { "line": 29, "column": 46 } },
      "29": { "start": { "line": 30, "column": 0 }, "end": { "line": 30, "column": 6 } },
      "30": { "start": { "line": 31, "column": 0 }, "end": { "line": 31, "column": 4 } },
      "31": { "start": { "line": 32, "column": 0 }, "end": { "line": 32, "column": 12 } },
      "32": { "start": { "line": 33, "column": 0 }, "end": { "line": 33, "column": 12 } },
      "33": { "start": { "line": 34, "column": 0 }, "end": { "line": 34, "column": 39 } },
      "34": { "start": { "line": 35, "column": 0 }, "end": { "line": 35, "column": 6 } },
      "35": { "start": { "line": 36, "column": 0 }, "end": { "line": 36, "column": 4 } },
      "36": { "start": { "line": 37, "column": 0 }, "end": { "line": 37, "column": 21 } },
      "37": { "start": { "line": 38, "column": 0 }, "end": { "line": 38, "column": 3 } }
    },
    "s": {
      "0": 0,
      "1": 0,
      "2": 0,
      "4": 0,
      "5": 0,
      "6": 0,
      "7": 0,
      "8": 0,
      "9": 0,
      "10": 0,
      "11": 0,
      "12": 0,
      "13": 0,
      "14": 0,
      "15": 0,
      "16": 0,
      "17": 0,
      "18": 0,
      "19": 0,
      "20": 0,
      "21": 0,
      "22": 0,
      "23": 0,
      "24": 0,
      "25": 0,
      "26": 0,
      "27": 0,
      "28": 0,
      "29": 0,
      "30": 0,
      "31": 0,
      "32": 0,
      "33": 0,
      "34": 0,
      "35": 0,
      "36": 0,
      "37": 0
    },
    "branchMap": {
      "0": {
        "type": "branch",
        "line": 1,
        "loc": { "start": { "line": 1, "column": 0 }, "end": { "line": 38, "column": -223 } },
        "locations": [
          { "start": { "line": 1, "column": 0 }, "end": { "line": 38, "column": -223 } }
        ]
      }
    },
    "b": { "0": [0] },
    "fnMap": {
      "0": {
        "name": "(empty-report)",
        "decl": { "start": { "line": 1, "column": 0 }, "end": { "line": 38, "column": -223 } },
        "loc": { "start": { "line": 1, "column": 0 }, "end": { "line": 38, "column": -223 } },
        "line": 1
      }
    },
    "f": { "0": 0 }
  },
  "/Users/macmini/Desktop/file-zenith-web/.storybook/main.ts": {
    "path": "/Users/macmini/Desktop/file-zenith-web/.storybook/main.ts",
    "all": true,
    "statementMap": {
      "2": { "start": { "line": 3, "column": 0 }, "end": { "line": 3, "column": 33 } },
      "3": { "start": { "line": 4, "column": 0 }, "end": { "line": 4, "column": 75 } },
      "4": { "start": { "line": 5, "column": 0 }, "end": { "line": 5, "column": 11 } },
      "5": { "start": { "line": 6, "column": 0 }, "end": { "line": 6, "column": 34 } },
      "6": { "start": { "line": 7, "column": 0 }, "end": { "line": 7, "column": 29 } },
      "7": { "start": { "line": 8, "column": 0 }, "end": { "line": 8, "column": 34 } },
      "8": { "start": { "line": 9, "column": 0 }, "end": { "line": 9, "column": 31 } },
      "9": { "start": { "line": 10, "column": 0 }, "end": { "line": 10, "column": 36 } },
      "10": { "start": { "line": 11, "column": 0 }, "end": { "line": 11, "column": 4 } },
      "11": { "start": { "line": 12, "column": 0 }, "end": { "line": 12, "column": 14 } },
      "12": { "start": { "line": 13, "column": 0 }, "end": { "line": 13, "column": 30 } },
      "13": { "start": { "line": 14, "column": 0 }, "end": { "line": 14, "column": 16 } },
      "14": { "start": { "line": 15, "column": 0 }, "end": { "line": 15, "column": 4 } },
      "15": { "start": { "line": 16, "column": 0 }, "end": { "line": 16, "column": 28 } },
      "16": { "start": { "line": 17, "column": 0 }, "end": { "line": 17, "column": 2 } },
      "17": { "start": { "line": 18, "column": 0 }, "end": { "line": 18, "column": 22 } }
    },
    "s": {
      "2": 0,
      "3": 0,
      "4": 0,
      "5": 0,
      "6": 0,
      "7": 0,
      "8": 0,
      "9": 0,
      "10": 0,
      "11": 0,
      "12": 0,
      "13": 0,
      "14": 0,
      "15": 0,
      "16": 0,
      "17": 0
    },
    "branchMap": {
      "0": {
        "type": "branch",
        "line": 1,
        "loc": { "start": { "line": 1, "column": 477 }, "end": { "line": 18, "column": 22 } },
        "locations": [
          { "start": { "line": 1, "column": 477 }, "end": { "line": 18, "column": 22 } }
        ]
      }
    },
    "b": { "0": [1] },
    "fnMap": {
      "0": {
        "name": "(empty-report)",
        "decl": { "start": { "line": 1, "column": 477 }, "end": { "line": 18, "column": 22 } },
        "loc": { "start": { "line": 1, "column": 477 }, "end": { "line": 18, "column": 22 } },
        "line": 1
      }
    },
    "f": { "0": 1 }
  },
  "/Users/macmini/Desktop/file-zenith-web/.storybook/preview.ts": {
    "path": "/Users/macmini/Desktop/file-zenith-web/.storybook/preview.ts",
    "all": true,
    "statementMap": {
      "0": { "start": { "line": 1, "column": 0 }, "end": { "line": 1, "column": 48 } },
      "1": { "start": { "line": 2, "column": 0 }, "end": { "line": 2, "column": 32 } },
      "3": { "start": { "line": 4, "column": 0 }, "end": { "line": 4, "column": 26 } },
      "4": { "start": { "line": 5, "column": 0 }, "end": { "line": 5, "column": 15 } },
      "5": { "start": { "line": 6, "column": 0 }, "end": { "line": 6, "column": 15 } },
      "6": { "start": { "line": 7, "column": 0 }, "end": { "line": 7, "column": 17 } },
      "7": { "start": { "line": 8, "column": 0 }, "end": { "line": 8, "column": 38 } },
      "8": { "start": { "line": 9, "column": 0 }, "end": { "line": 9, "column": 23 } },
      "9": { "start": { "line": 10, "column": 0 }, "end": { "line": 10, "column": 8 } },
      "10": { "start": { "line": 11, "column": 0 }, "end": { "line": 11, "column": 6 } },
      "11": { "start": { "line": 12, "column": 0 }, "end": { "line": 12, "column": 4 } },
      "12": { "start": { "line": 13, "column": 0 }, "end": { "line": 13, "column": 2 } },
      "14": { "start": { "line": 15, "column": 0 }, "end": { "line": 15, "column": 23 } }
    },
    "s": {
      "0": 0,
      "1": 0,
      "3": 0,
      "4": 0,
      "5": 0,
      "6": 0,
      "7": 0,
      "8": 0,
      "9": 0,
      "10": 0,
      "11": 0,
      "12": 0,
      "14": 0
    },
    "branchMap": {
      "0": {
        "type": "branch",
        "line": 1,
        "loc": { "start": { "line": 1, "column": 0 }, "end": { "line": 15, "column": 23 } },
        "locations": [{ "start": { "line": 1, "column": 0 }, "end": { "line": 15, "column": 23 } }]
      }
    },
    "b": { "0": [0] },
    "fnMap": {
      "0": {
        "name": "(empty-report)",
        "decl": { "start": { "line": 1, "column": 0 }, "end": { "line": 15, "column": 23 } },
        "loc": { "start": { "line": 1, "column": 0 }, "end": { "line": 15, "column": 23 } },
        "line": 1
      }
    },
    "f": { "0": 0 }
  },
  "/Users/macmini/Desktop/file-zenith-web/src/app/layout.tsx": {
    "path": "/Users/macmini/Desktop/file-zenith-web/src/app/layout.tsx",
    "all": true,
    "statementMap": {
      "0": { "start": { "line": 1, "column": 0 }, "end": { "line": 1, "column": 37 } },
      "7": { "start": { "line": 8, "column": 0 }, "end": { "line": 8, "column": 29 } },
      "8": { "start": { "line": 9, "column": 0 }, "end": { "line": 9, "column": 30 } },
      "9": { "start": { "line": 10, "column": 0 }, "end": { "line": 10, "column": 32 } },
      "10": { "start": { "line": 11, "column": 0 }, "end": { "line": 11, "column": 20 } },
      "11": { "start": { "line": 12, "column": 0 }, "end": { "line": 12, "column": 3 } },
      "13": { "start": { "line": 14, "column": 0 }, "end": { "line": 14, "column": 29 } },
      "14": { "start": { "line": 15, "column": 0 }, "end": { "line": 15, "column": 34 } },
      "15": { "start": { "line": 16, "column": 0 }, "end": { "line": 16, "column": 32 } },
      "16": { "start": { "line": 17, "column": 0 }, "end": { "line": 17, "column": 20 } },
      "17": { "start": { "line": 18, "column": 0 }, "end": { "line": 18, "column": 3 } },
      "19": { "start": { "line": 20, "column": 0 }, "end": { "line": 20, "column": 35 } },
      "20": { "start": { "line": 21, "column": 0 }, "end": { "line": 21, "column": 33 } },
      "21": { "start": { "line": 22, "column": 0 }, "end": { "line": 22, "column": 45 } },
      "22": { "start": { "line": 23, "column": 0 }, "end": { "line": 23, "column": 2 } },
      "24": { "start": { "line": 25, "column": 0 }, "end": { "line": 25, "column": 36 } },
      "25": { "start": { "line": 26, "column": 0 }, "end": { "line": 26, "column": 11 } },
      "26": { "start": { "line": 27, "column": 0 }, "end": { "line": 27, "column": 13 } },
      "28": { "start": { "line": 29, "column": 0 }, "end": { "line": 29, "column": 5 } },
      "29": { "start": { "line": 30, "column": 0 }, "end": { "line": 30, "column": 10 } },
      "30": { "start": { "line": 31, "column": 0 }, "end": { "line": 31, "column": 52 } },
      "31": { "start": { "line": 32, "column": 0 }, "end": { "line": 32, "column": 11 } },
      "32": { "start": { "line": 33, "column": 0 }, "end": { "line": 33, "column": 100 } },
      "33": { "start": { "line": 34, "column": 0 }, "end": { "line": 34, "column": 39 } },
      "35": { "start": { "line": 36, "column": 0 }, "end": { "line": 36, "column": 63 } },
      "36": { "start": { "line": 37, "column": 0 }, "end": { "line": 37, "column": 20 } },
      "37": { "start": { "line": 38, "column": 0 }, "end": { "line": 38, "column": 52 } },
      "38": { "start": { "line": 39, "column": 0 }, "end": { "line": 39, "column": 24 } },
      "39": { "start": { "line": 40, "column": 0 }, "end": { "line": 40, "column": 13 } },
      "40": { "start": { "line": 41, "column": 0 }, "end": { "line": 41, "column": 11 } },
      "42": { "start": { "line": 43, "column": 0 }, "end": { "line": 43, "column": 1 } }
    },
    "s": {
      "0": 0,
      "7": 0,
      "8": 0,
      "9": 0,
      "10": 0,
      "11": 0,
      "13": 0,
      "14": 0,
      "15": 0,
      "16": 0,
      "17": 0,
      "19": 0,
      "20": 0,
      "21": 0,
      "22": 0,
      "24": 0,
      "25": 0,
      "26": 0,
      "28": 0,
      "29": 0,
      "30": 0,
      "31": 0,
      "32": 0,
      "33": 0,
      "35": 0,
      "36": 0,
      "37": 0,
      "38": 0,
      "39": 0,
      "40": 0,
      "42": 0
    },
    "branchMap": {
      "0": {
        "type": "branch",
        "line": 1,
        "loc": { "start": { "line": 1, "column": 0 }, "end": { "line": 43, "column": -409 } },
        "locations": [
          { "start": { "line": 1, "column": 0 }, "end": { "line": 43, "column": -409 } }
        ]
      }
    },
    "b": { "0": [0] },
    "fnMap": {
      "0": {
        "name": "(empty-report)",
        "decl": { "start": { "line": 1, "column": 0 }, "end": { "line": 43, "column": -409 } },
        "loc": { "start": { "line": 1, "column": 0 }, "end": { "line": 43, "column": -409 } },
        "line": 1
      }
    },
    "f": { "0": 0 }
  },
  "/Users/macmini/Desktop/file-zenith-web/src/app/page.tsx": {
    "path": "/Users/macmini/Desktop/file-zenith-web/src/app/page.tsx",
    "all": false,
    "statementMap": {
      "0": { "start": { "line": 1, "column": 0 }, "end": { "line": 1, "column": 32 } },
      "1": { "start": { "line": 2, "column": 0 }, "end": { "line": 2, "column": 10 } },
      "2": { "start": { "line": 3, "column": 0 }, "end": { "line": 3, "column": 50 } },
      "3": { "start": { "line": 4, "column": 0 }, "end": { "line": 4, "column": 74 } },
      "4": { "start": { "line": 5, "column": 0 }, "end": { "line": 5, "column": 77 } },
      "5": { "start": { "line": 6, "column": 0 }, "end": { "line": 6, "column": 10 } },
      "7": { "start": { "line": 8, "column": 0 }, "end": { "line": 8, "column": 1 } }
    },
    "s": { "0": 3, "1": 3, "2": 3, "3": 3, "4": 3, "5": 3, "7": 3 },
    "branchMap": {
      "0": {
        "type": "branch",
        "line": 1,
        "loc": { "start": { "line": 1, "column": 0 }, "end": { "line": 8, "column": 1 } },
        "locations": [{ "start": { "line": 1, "column": 0 }, "end": { "line": 8, "column": 1 } }]
      }
    },
    "b": { "0": [3] },
    "fnMap": {
      "0": {
        "name": "Home",
        "decl": { "start": { "line": 1, "column": 0 }, "end": { "line": 8, "column": 1 } },
        "loc": { "start": { "line": 1, "column": 0 }, "end": { "line": 8, "column": 1 } },
        "line": 1
      }
    },
    "f": { "0": 3 }
  },
  "/Users/macmini/Desktop/file-zenith-web/src/app/theme/page.tsx": {
    "path": "/Users/macmini/Desktop/file-zenith-web/src/app/theme/page.tsx",
    "all": true,
    "statementMap": {
      "0": { "start": { "line": 1, "column": 0 }, "end": { "line": 1, "column": 13 } },
      "15": { "start": { "line": 16, "column": 0 }, "end": { "line": 16, "column": 42 } },
      "16": { "start": { "line": 17, "column": 0 }, "end": { "line": 17, "column": 3 } },
      "17": { "start": { "line": 18, "column": 0 }, "end": { "line": 18, "column": 17 } },
      "18": { "start": { "line": 19, "column": 0 }, "end": { "line": 19, "column": 13 } },
      "19": { "start": { "line": 20, "column": 0 }, "end": { "line": 20, "column": 7 } },
      "20": { "start": { "line": 21, "column": 0 }, "end": { "line": 21, "column": 25 } },
      "21": { "start": { "line": 22, "column": 0 }, "end": { "line": 22, "column": 36 } },
      "22": { "start": { "line": 23, "column": 0 }, "end": { "line": 23, "column": 32 } },
      "23": { "start": { "line": 24, "column": 0 }, "end": { "line": 24, "column": 8 } },
      "24": { "start": { "line": 25, "column": 0 }, "end": { "line": 25, "column": 7 } },
      "25": { "start": { "line": 26, "column": 0 }, "end": { "line": 26, "column": 20 } },
      "26": { "start": { "line": 27, "column": 0 }, "end": { "line": 27, "column": 33 } },
      "27": { "start": { "line": 28, "column": 0 }, "end": { "line": 28, "column": 32 } },
      "28": { "start": { "line": 29, "column": 0 }, "end": { "line": 29, "column": 8 } },
      "29": { "start": { "line": 30, "column": 0 }, "end": { "line": 30, "column": 75 } },
      "30": { "start": { "line": 31, "column": 0 }, "end": { "line": 31, "column": 6 } },
      "31": { "start": { "line": 32, "column": 0 }, "end": { "line": 32, "column": 4 } },
      "32": { "start": { "line": 33, "column": 0 }, "end": { "line": 33, "column": 3 } },
      "33": { "start": { "line": 34, "column": 0 }, "end": { "line": 34, "column": 17 } },
      "34": { "start": { "line": 35, "column": 0 }, "end": { "line": 35, "column": 13 } },
      "35": { "start": { "line": 36, "column": 0 }, "end": { "line": 36, "column": 77 } },
      "36": { "start": { "line": 37, "column": 0 }, "end": { "line": 37, "column": 89 } },
      "37": { "start": { "line": 38, "column": 0 }, "end": { "line": 38, "column": 6 } },
      "38": { "start": { "line": 39, "column": 0 }, "end": { "line": 39, "column": 4 } },
      "39": { "start": { "line": 40, "column": 0 }, "end": { "line": 40, "column": 3 } },
      "40": { "start": { "line": 41, "column": 0 }, "end": { "line": 41, "column": 18 } },
      "41": { "start": { "line": 42, "column": 0 }, "end": { "line": 42, "column": 13 } },
      "42": { "start": { "line": 43, "column": 0 }, "end": { "line": 43, "column": 45 } },
      "43": { "start": { "line": 44, "column": 0 }, "end": { "line": 44, "column": 45 } },
      "44": { "start": { "line": 45, "column": 0 }, "end": { "line": 45, "column": 43 } },
      "45": { "start": { "line": 46, "column": 0 }, "end": { "line": 46, "column": 6 } },
      "46": { "start": { "line": 47, "column": 0 }, "end": { "line": 47, "column": 4 } },
      "47": { "start": { "line": 48, "column": 0 }, "end": { "line": 48, "column": 2 } },
      "49": { "start": { "line": 50, "column": 0 }, "end": { "line": 50, "column": 20 } },
      "50": { "start": { "line": 51, "column": 0 }, "end": { "line": 51, "column": 7 } },
      "51": { "start": { "line": 52, "column": 0 }, "end": { "line": 52, "column": 11 } },
      "52": { "start": { "line": 53, "column": 0 }, "end": { "line": 53, "column": 13 } },
      "53": { "start": { "line": 54, "column": 0 }, "end": { "line": 54, "column": 7 } },
      "54": { "start": { "line": 55, "column": 0 }, "end": { "line": 55, "column": 4 } },
      "59": { "start": { "line": 60, "column": 0 }, "end": { "line": 60, "column": 4 } },
      "60": { "start": { "line": 61, "column": 0 }, "end": { "line": 61, "column": 10 } },
      "61": { "start": { "line": 62, "column": 0 }, "end": { "line": 62, "column": 60 } },
      "62": { "start": { "line": 63, "column": 0 }, "end": { "line": 63, "column": 29 } },
      "63": { "start": { "line": 64, "column": 0 }, "end": { "line": 64, "column": 10 } },
      "64": { "start": { "line": 65, "column": 0 }, "end": { "line": 65, "column": 59 } },
      "65": { "start": { "line": 66, "column": 0 }, "end": { "line": 66, "column": 70 } },
      "66": { "start": { "line": 67, "column": 0 }, "end": { "line": 67, "column": 31 } },
      "67": { "start": { "line": 68, "column": 0 }, "end": { "line": 68, "column": 16 } },
      "68": { "start": { "line": 69, "column": 0 }, "end": { "line": 69, "column": 11 } },
      "70": { "start": { "line": 71, "column": 0 }, "end": { "line": 71, "column": 10 } },
      "71": { "start": { "line": 72, "column": 0 }, "end": { "line": 72, "column": 59 } },
      "72": { "start": { "line": 73, "column": 0 }, "end": { "line": 73, "column": 78 } },
      "73": { "start": { "line": 74, "column": 0 }, "end": { "line": 74, "column": 11 } },
      "75": { "start": { "line": 76, "column": 0 }, "end": { "line": 76, "column": 10 } },
      "77": { "start": { "line": 78, "column": 0 }, "end": { "line": 78, "column": 1 } },
      "80": { "start": { "line": 81, "column": 0 }, "end": { "line": 81, "column": 32 } },
      "81": { "start": { "line": 82, "column": 0 }, "end": { "line": 82, "column": 10 } },
      "82": { "start": { "line": 83, "column": 0 }, "end": { "line": 83, "column": 44 } },
      "83": { "start": { "line": 84, "column": 0 }, "end": { "line": 84, "column": 62 } },
      "84": { "start": { "line": 85, "column": 0 }, "end": { "line": 85, "column": 54 } },
      "85": { "start": { "line": 86, "column": 0 }, "end": { "line": 86, "column": 23 } },
      "86": { "start": { "line": 87, "column": 0 }, "end": { "line": 87, "column": 12 } },
      "88": { "start": { "line": 89, "column": 0 }, "end": { "line": 89, "column": 33 } },
      "89": { "start": { "line": 90, "column": 0 }, "end": { "line": 90, "column": 44 } },
      "90": { "start": { "line": 91, "column": 0 }, "end": { "line": 91, "column": 57 } },
      "91": { "start": { "line": 92, "column": 0 }, "end": { "line": 92, "column": 70 } },
      "92": { "start": { "line": 93, "column": 0 }, "end": { "line": 93, "column": 82 } },
      "93": { "start": { "line": 94, "column": 0 }, "end": { "line": 94, "column": 47 } },
      "94": { "start": { "line": 95, "column": 0 }, "end": { "line": 95, "column": 26 } },
      "95": { "start": { "line": 96, "column": 0 }, "end": { "line": 96, "column": 34 } },
      "96": { "start": { "line": 97, "column": 0 }, "end": { "line": 97, "column": 35 } },
      "97": { "start": { "line": 98, "column": 0 }, "end": { "line": 98, "column": 43 } },
      "98": { "start": { "line": 99, "column": 0 }, "end": { "line": 99, "column": 47 } },
      "99": { "start": { "line": 100, "column": 0 }, "end": { "line": 100, "column": 35 } },
      "100": { "start": { "line": 101, "column": 0 }, "end": { "line": 101, "column": 18 } },
      "101": { "start": { "line": 102, "column": 0 }, "end": { "line": 102, "column": 17 } },
      "102": { "start": { "line": 103, "column": 0 }, "end": { "line": 103, "column": 18 } },
      "103": { "start": { "line": 104, "column": 0 }, "end": { "line": 104, "column": 16 } },
      "104": { "start": { "line": 105, "column": 0 }, "end": { "line": 105, "column": 11 } },
      "105": { "start": { "line": 106, "column": 0 }, "end": { "line": 106, "column": 12 } },
      "106": { "start": { "line": 107, "column": 0 }, "end": { "line": 107, "column": 10 } },
      "108": { "start": { "line": 109, "column": 0 }, "end": { "line": 109, "column": 1 } }
    },
    "s": {
      "0": 0,
      "15": 0,
      "16": 0,
      "17": 0,
      "18": 0,
      "19": 0,
      "20": 0,
      "21": 0,
      "22": 0,
      "23": 0,
      "24": 0,
      "25": 0,
      "26": 0,
      "27": 0,
      "28": 0,
      "29": 0,
      "30": 0,
      "31": 0,
      "32": 0,
      "33": 0,
      "34": 0,
      "35": 0,
      "36": 0,
      "37": 0,
      "38": 0,
      "39": 0,
      "40": 0,
      "41": 0,
      "42": 0,
      "43": 0,
      "44": 0,
      "45": 0,
      "46": 0,
      "47": 0,
      "49": 0,
      "50": 0,
      "51": 0,
      "52": 0,
      "53": 0,
      "54": 0,
      "59": 0,
      "60": 0,
      "61": 0,
      "62": 0,
      "63": 0,
      "64": 0,
      "65": 0,
      "66": 0,
      "67": 0,
      "68": 0,
      "70": 0,
      "71": 0,
      "72": 0,
      "73": 0,
      "75": 0,
      "77": 0,
      "80": 0,
      "81": 0,
      "82": 0,
      "83": 0,
      "84": 0,
      "85": 0,
      "86": 0,
      "88": 0,
      "89": 0,
      "90": 0,
      "91": 0,
      "92": 0,
      "93": 0,
      "94": 0,
      "95": 0,
      "96": 0,
      "97": 0,
      "98": 0,
      "99": 0,
      "100": 0,
      "101": 0,
      "102": 0,
      "103": 0,
      "104": 0,
      "105": 0,
      "106": 0,
      "108": 0
    },
    "branchMap": {
      "0": {
        "type": "branch",
        "line": 1,
        "loc": { "start": { "line": 1, "column": 0 }, "end": { "line": 109, "column": -1035 } },
        "locations": [
          { "start": { "line": 1, "column": 0 }, "end": { "line": 109, "column": -1035 } }
        ]
      }
    },
    "b": { "0": [0] },
    "fnMap": {
      "0": {
        "name": "(empty-report)",
        "decl": { "start": { "line": 1, "column": 0 }, "end": { "line": 109, "column": -1035 } },
        "loc": { "start": { "line": 1, "column": 0 }, "end": { "line": 109, "column": -1035 } },
        "line": 1
      }
    },
    "f": { "0": 0 }
  },
  "/Users/macmini/Desktop/file-zenith-web/src/components/Header.tsx": {
    "path": "/Users/macmini/Desktop/file-zenith-web/src/components/Header.tsx",
    "all": false,
    "statementMap": {
      "0": { "start": { "line": 1, "column": 0 }, "end": { "line": 1, "column": 13 } },
      "2": { "start": { "line": 3, "column": 0 }, "end": { "line": 3, "column": 33 } },
      "3": { "start": { "line": 4, "column": 0 }, "end": { "line": 4, "column": 29 } },
      "4": { "start": { "line": 5, "column": 0 }, "end": { "line": 5, "column": 57 } },
      "6": { "start": { "line": 7, "column": 0 }, "end": { "line": 7, "column": 40 } },
      "8": { "start": { "line": 9, "column": 0 }, "end": { "line": 9, "column": 41 } },
      "10": { "start": { "line": 11, "column": 0 }, "end": { "line": 11, "column": 22 } },
      "11": { "start": { "line": 12, "column": 0 }, "end": { "line": 12, "column": 66 } },
      "12": { "start": { "line": 13, "column": 0 }, "end": { "line": 13, "column": 78 } },
      "14": { "start": { "line": 15, "column": 0 }, "end": { "line": 15, "column": 44 } },
      "15": { "start": { "line": 16, "column": 0 }, "end": { "line": 16, "column": 65 } },
      "16": { "start": { "line": 17, "column": 0 }, "end": { "line": 17, "column": 4 } },
      "18": { "start": { "line": 19, "column": 0 }, "end": { "line": 19, "column": 10 } },
      "19": { "start": { "line": 20, "column": 0 }, "end": { "line": 20, "column": 6 } },
      "20": { "start": { "line": 21, "column": 0 }, "end": { "line": 21, "column": 150 } },
      "21": { "start": { "line": 22, "column": 0 }, "end": { "line": 22, "column": 33 } },
      "22": { "start": { "line": 23, "column": 0 }, "end": { "line": 23, "column": 50 } },
      "24": { "start": { "line": 25, "column": 0 }, "end": { "line": 25, "column": 52 } },
      "25": { "start": { "line": 26, "column": 0 }, "end": { "line": 26, "column": 19 } },
      "26": { "start": { "line": 27, "column": 0 }, "end": { "line": 27, "column": 24 } },
      "27": { "start": { "line": 28, "column": 0 }, "end": { "line": 28, "column": 97 } },
      "29": { "start": { "line": 30, "column": 0 }, "end": { "line": 30, "column": 126 } },
      "31": { "start": { "line": 32, "column": 0 }, "end": { "line": 32, "column": 23 } },
      "32": { "start": { "line": 33, "column": 0 }, "end": { "line": 33, "column": 21 } },
      "33": { "start": { "line": 34, "column": 0 }, "end": { "line": 34, "column": 18 } },
      "36": { "start": { "line": 37, "column": 0 }, "end": { "line": 37, "column": 75 } },
      "38": { "start": { "line": 39, "column": 0 }, "end": { "line": 39, "column": 59 } },
      "39": { "start": { "line": 40, "column": 0 }, "end": { "line": 40, "column": 45 } },
      "40": { "start": { "line": 41, "column": 0 }, "end": { "line": 41, "column": 67 } },
      "41": { "start": { "line": 42, "column": 0 }, "end": { "line": 42, "column": 149 } },
      "42": { "start": { "line": 43, "column": 0 }, "end": { "line": 43, "column": 62 } },
      "43": { "start": { "line": 44, "column": 0 }, "end": { "line": 44, "column": 79 } },
      "44": { "start": { "line": 45, "column": 0 }, "end": { "line": 45, "column": 131 } },
      "45": { "start": { "line": 46, "column": 0 }, "end": { "line": 46, "column": 29 } },
      "46": { "start": { "line": 47, "column": 0 }, "end": { "line": 47, "column": 169 } },
      "47": { "start": { "line": 48, "column": 0 }, "end": { "line": 48, "column": 123 } },
      "48": { "start": { "line": 49, "column": 0 }, "end": { "line": 49, "column": 67 } },
      "49": { "start": { "line": 50, "column": 0 }, "end": { "line": 50, "column": 31 } },
      "50": { "start": { "line": 51, "column": 0 }, "end": { "line": 51, "column": 44 } },
      "51": { "start": { "line": 52, "column": 0 }, "end": { "line": 52, "column": 45 } },
      "52": { "start": { "line": 53, "column": 0 }, "end": { "line": 53, "column": 134 } },
      "54": { "start": { "line": 55, "column": 0 }, "end": { "line": 55, "column": 41 } },
      "55": { "start": { "line": 56, "column": 0 }, "end": { "line": 56, "column": 33 } },
      "56": { "start": { "line": 57, "column": 0 }, "end": { "line": 57, "column": 27 } },
      "57": { "start": { "line": 58, "column": 0 }, "end": { "line": 58, "column": 28 } },
      "58": { "start": { "line": 59, "column": 0 }, "end": { "line": 59, "column": 26 } },
      "59": { "start": { "line": 60, "column": 0 }, "end": { "line": 60, "column": 24 } },
      "60": { "start": { "line": 61, "column": 0 }, "end": { "line": 61, "column": 19 } },
      "61": { "start": { "line": 62, "column": 0 }, "end": { "line": 62, "column": 20 } },
      "62": { "start": { "line": 63, "column": 0 }, "end": { "line": 63, "column": 18 } },
      "65": { "start": { "line": 66, "column": 0 }, "end": { "line": 66, "column": 62 } },
      "66": { "start": { "line": 67, "column": 0 }, "end": { "line": 67, "column": 19 } },
      "67": { "start": { "line": 68, "column": 0 }, "end": { "line": 68, "column": 41 } },
      "68": { "start": { "line": 69, "column": 0 }, "end": { "line": 69, "column": 31 } },
      "69": { "start": { "line": 70, "column": 0 }, "end": { "line": 70, "column": 41 } },
      "70": { "start": { "line": 71, "column": 0 }, "end": { "line": 71, "column": 157 } },
      "71": { "start": { "line": 72, "column": 0 }, "end": { "line": 72, "column": 46 } },
      "73": { "start": { "line": 74, "column": 0 }, "end": { "line": 74, "column": 46 } },
      "74": { "start": { "line": 75, "column": 0 }, "end": { "line": 75, "column": 21 } },
      "75": { "start": { "line": 76, "column": 0 }, "end": { "line": 76, "column": 29 } },
      "77": { "start": { "line": 78, "column": 0 }, "end": { "line": 78, "column": 41 } },
      "78": { "start": { "line": 79, "column": 0 }, "end": { "line": 79, "column": 23 } },
      "79": { "start": { "line": 80, "column": 0 }, "end": { "line": 80, "column": 72 } },
      "80": { "start": { "line": 81, "column": 0 }, "end": { "line": 81, "column": 116 } },
      "81": { "start": { "line": 82, "column": 0 }, "end": { "line": 82, "column": 42 } },
      "83": { "start": { "line": 84, "column": 0 }, "end": { "line": 84, "column": 46 } },
      "84": { "start": { "line": 85, "column": 0 }, "end": { "line": 85, "column": 25 } },
      "85": { "start": { "line": 86, "column": 0 }, "end": { "line": 86, "column": 20 } },
      "86": { "start": { "line": 87, "column": 0 }, "end": { "line": 87, "column": 18 } },
      "87": { "start": { "line": 88, "column": 0 }, "end": { "line": 88, "column": 16 } },
      "88": { "start": { "line": 89, "column": 0 }, "end": { "line": 89, "column": 14 } },
      "89": { "start": { "line": 90, "column": 0 }, "end": { "line": 90, "column": 15 } },
      "92": { "start": { "line": 93, "column": 0 }, "end": { "line": 93, "column": 10 } },
      "93": { "start": { "line": 94, "column": 0 }, "end": { "line": 94, "column": 107 } },
      "94": { "start": { "line": 95, "column": 0 }, "end": { "line": 95, "column": 76 } },
      "95": { "start": { "line": 96, "column": 0 }, "end": { "line": 96, "column": 11 } },
      "96": { "start": { "line": 97, "column": 0 }, "end": { "line": 97, "column": 50 } },
      "99": { "start": { "line": 100, "column": 0 }, "end": { "line": 100, "column": 12 } },
      "100": { "start": { "line": 101, "column": 0 }, "end": { "line": 101, "column": 169 } },
      "101": { "start": { "line": 102, "column": 0 }, "end": { "line": 102, "column": 67 } },
      "102": { "start": { "line": 103, "column": 0 }, "end": { "line": 103, "column": 13 } },
      "103": { "start": { "line": 104, "column": 0 }, "end": { "line": 104, "column": 35 } },
      "104": { "start": { "line": 105, "column": 0 }, "end": { "line": 105, "column": 46 } },
      "106": { "start": { "line": 107, "column": 0 }, "end": { "line": 107, "column": 48 } },
      "107": { "start": { "line": 108, "column": 0 }, "end": { "line": 108, "column": 64 } },
      "108": { "start": { "line": 109, "column": 0 }, "end": { "line": 109, "column": 63 } },
      "109": { "start": { "line": 110, "column": 0 }, "end": { "line": 110, "column": 18 } },
      "110": { "start": { "line": 111, "column": 0 }, "end": { "line": 111, "column": 125 } },
      "111": { "start": { "line": 112, "column": 0 }, "end": { "line": 112, "column": 41 } },
      "112": { "start": { "line": 113, "column": 0 }, "end": { "line": 113, "column": 48 } },
      "113": { "start": { "line": 114, "column": 0 }, "end": { "line": 114, "column": 91 } },
      "114": { "start": { "line": 115, "column": 0 }, "end": { "line": 115, "column": 27 } },
      "115": { "start": { "line": 116, "column": 0 }, "end": { "line": 116, "column": 58 } },
      "116": { "start": { "line": 117, "column": 0 }, "end": { "line": 117, "column": 150 } },
      "118": { "start": { "line": 119, "column": 0 }, "end": { "line": 119, "column": 57 } },
      "119": { "start": { "line": 120, "column": 0 }, "end": { "line": 120, "column": 65 } },
      "120": { "start": { "line": 121, "column": 0 }, "end": { "line": 121, "column": 39 } },
      "121": { "start": { "line": 122, "column": 0 }, "end": { "line": 122, "column": 28 } },
      "122": { "start": { "line": 123, "column": 0 }, "end": { "line": 123, "column": 34 } },
      "123": { "start": { "line": 124, "column": 0 }, "end": { "line": 124, "column": 80 } },
      "124": { "start": { "line": 125, "column": 0 }, "end": { "line": 125, "column": 71 } },
      "125": { "start": { "line": 126, "column": 0 }, "end": { "line": 126, "column": 27 } },
      "126": { "start": { "line": 127, "column": 0 }, "end": { "line": 127, "column": 24 } },
      "127": { "start": { "line": 128, "column": 0 }, "end": { "line": 128, "column": 29 } },
      "128": { "start": { "line": 129, "column": 0 }, "end": { "line": 129, "column": 24 } },
      "129": { "start": { "line": 130, "column": 0 }, "end": { "line": 130, "column": 92 } },
      "130": { "start": { "line": 131, "column": 0 }, "end": { "line": 131, "column": 79 } },
      "131": { "start": { "line": 132, "column": 0 }, "end": { "line": 132, "column": 25 } },
      "133": { "start": { "line": 134, "column": 0 }, "end": { "line": 134, "column": 54 } },
      "134": { "start": { "line": 135, "column": 0 }, "end": { "line": 135, "column": 68 } },
      "135": { "start": { "line": 136, "column": 0 }, "end": { "line": 136, "column": 31 } },
      "136": { "start": { "line": 137, "column": 0 }, "end": { "line": 137, "column": 43 } },
      "137": { "start": { "line": 138, "column": 0 }, "end": { "line": 138, "column": 44 } },
      "138": { "start": { "line": 139, "column": 0 }, "end": { "line": 139, "column": 140 } },
      "139": { "start": { "line": 140, "column": 0 }, "end": { "line": 140, "column": 70 } },
      "141": { "start": { "line": 142, "column": 0 }, "end": { "line": 142, "column": 40 } },
      "142": { "start": { "line": 143, "column": 0 }, "end": { "line": 143, "column": 33 } },
      "143": { "start": { "line": 144, "column": 0 }, "end": { "line": 144, "column": 27 } },
      "144": { "start": { "line": 145, "column": 0 }, "end": { "line": 145, "column": 28 } },
      "145": { "start": { "line": 146, "column": 0 }, "end": { "line": 146, "column": 26 } },
      "146": { "start": { "line": 147, "column": 0 }, "end": { "line": 147, "column": 24 } },
      "147": { "start": { "line": 148, "column": 0 }, "end": { "line": 148, "column": 19 } },
      "148": { "start": { "line": 149, "column": 0 }, "end": { "line": 149, "column": 20 } },
      "149": { "start": { "line": 150, "column": 0 }, "end": { "line": 150, "column": 18 } },
      "150": { "start": { "line": 151, "column": 0 }, "end": { "line": 151, "column": 16 } },
      "151": { "start": { "line": 152, "column": 0 }, "end": { "line": 152, "column": 14 } },
      "152": { "start": { "line": 153, "column": 0 }, "end": { "line": 153, "column": 12 } },
      "153": { "start": { "line": 154, "column": 0 }, "end": { "line": 154, "column": 7 } },
      "155": { "start": { "line": 156, "column": 0 }, "end": { "line": 156, "column": 2 } },
      "157": { "start": { "line": 158, "column": 0 }, "end": { "line": 158, "column": 22 } }
    },
    "s": {
      "0": 1,
      "2": 1,
      "3": 1,
      "4": 1,
      "6": 1,
      "8": 1,
      "10": 1,
      "11": 8,
      "12": 8,
      "14": 8,
      "15": 0,
      "16": 0,
      "18": 8,
      "19": 8,
      "20": 8,
      "21": 8,
      "22": 8,
      "24": 8,
      "25": 8,
      "26": 8,
      "27": 8,
[...]
      "58": { "start": { "line": 59, "column": 0 }, "end": { "line": 59, "column": 36 } },
      "60": { "start": { "line": 61, "column": 0 }, "end": { "line": 61, "column": 70 } },
      "61": { "start": { "line": 62, "column": 0 }, "end": { "line": 62, "column": 86 } },
      "62": { "start": { "line": 63, "column": 0 }, "end": { "line": 63, "column": 5 } },
      "64": { "start": { "line": 65, "column": 0 }, "end": { "line": 65, "column": 29 } },
      "65": { "start": { "line": 66, "column": 0 }, "end": { "line": 66, "column": 56 } },
      "66": { "start": { "line": 67, "column": 0 }, "end": { "line": 67, "column": 14 } },
      "68": { "start": { "line": 69, "column": 0 }, "end": { "line": 69, "column": 89 } },
      "69": { "start": { "line": 70, "column": 0 }, "end": { "line": 70, "column": 5 } },
      "71": { "start": { "line": 72, "column": 0 }, "end": { "line": 72, "column": 30 } },
      "73": { "start": { "line": 74, "column": 0 }, "end": { "line": 74, "column": 49 } },
      "74": { "start": { "line": 75, "column": 0 }, "end": { "line": 75, "column": 21 } },
      "75": { "start": { "line": 76, "column": 0 }, "end": { "line": 76, "column": 18 } },
      "76": { "start": { "line": 77, "column": 0 }, "end": { "line": 77, "column": 7 } },
      "78": { "start": { "line": 79, "column": 0 }, "end": { "line": 79, "column": 55 } },
      "79": { "start": { "line": 80, "column": 0 }, "end": { "line": 80, "column": 39 } },
      "82": { "start": { "line": 83, "column": 0 }, "end": { "line": 83, "column": 15 } },
      "84": { "start": { "line": 85, "column": 0 }, "end": { "line": 85, "column": 61 } },
      "87": { "start": { "line": 88, "column": 0 }, "end": { "line": 88, "column": 51 } },
      "88": { "start": { "line": 89, "column": 0 }, "end": { "line": 89, "column": 23 } },
      "89": { "start": { "line": 90, "column": 0 }, "end": { "line": 90, "column": 19 } },
      "90": { "start": { "line": 91, "column": 0 }, "end": { "line": 91, "column": 9 } },
      "93": { "start": { "line": 94, "column": 0 }, "end": { "line": 94, "column": 17 } },
      "94": { "start": { "line": 95, "column": 0 }, "end": { "line": 95, "column": 7 } },
      "97": { "start": { "line": 98, "column": 0 }, "end": { "line": 98, "column": 38 } },
      "98": { "start": { "line": 99, "column": 0 }, "end": { "line": 99, "column": 5 } },
      "99": { "start": { "line": 100, "column": 0 }, "end": { "line": 100, "column": 3 } }
    },
    "s": {
      "0": 1,
      "1": 1,
      "2": 1,
      "4": 1,
      "5": 1,
      "6": 1,
      "7": 1,
      "8": 1,
      "10": 1,
      "11": 5,
      "14": 5,
      "15": 5,
      "16": 5,
      "17": 5,
      "20": 5,
      "21": 5,
      "22": 5,
      "23": 5,
      "24": 5,
      "25": 1,
      "27": 1,
      "29": 5,
      "30": 5,
      "31": 5,
      "32": 5,
      "33": 1,
      "35": 1,
      "37": 1,
      "38": 1,
      "39": 1,
      "40": 1,
      "42": 1,
      "43": 1,
      "44": 1,
      "46": 1,
      "48": 1,
      "49": 1,
      "50": 1,
      "51": 1,
      "53": 1,
      "54": 1,
      "55": 1,
      "57": 1,
      "58": 1,
      "60": 1,
      "61": 1,
      "62": 1,
      "64": 1,
      "65": 1,
      "66": 1,
      "68": 1,
      "69": 1,
      "71": 1,
      "73": 1,
      "74": 1,
      "75": 1,
      "76": 1,
      "78": 1,
      "79": 1,
      "82": 1,
      "84": 1,
      "87": 1,
      "88": 1,
      "89": 1,
      "90": 1,
      "93": 1,
      "94": 1,
      "97": 1,
      "98": 1,
      "99": 1
    },
    "branchMap": {
      "0": {
        "type": "branch",
        "line": 5,
        "loc": { "start": { "line": 5, "column": 24 }, "end": { "line": 100, "column": 3 } },
        "locations": [{ "start": { "line": 5, "column": 24 }, "end": { "line": 100, "column": 3 } }]
      },
      "1": {
        "type": "branch",
        "line": 11,
        "loc": { "start": { "line": 11, "column": 13 }, "end": { "line": 26, "column": 3 } },
        "locations": [{ "start": { "line": 11, "column": 13 }, "end": { "line": 26, "column": 3 } }]
      },
      "2": {
        "type": "branch",
        "line": 28,
        "loc": { "start": { "line": 28, "column": 12 }, "end": { "line": 34, "column": 3 } },
        "locations": [{ "start": { "line": 28, "column": 12 }, "end": { "line": 34, "column": 3 } }]
      },
      "3": {
        "type": "branch",
        "line": 36,
        "loc": { "start": { "line": 36, "column": 25 }, "end": { "line": 45, "column": 3 } },
        "locations": [{ "start": { "line": 36, "column": 25 }, "end": { "line": 45, "column": 3 } }]
      },
      "4": {
        "type": "branch",
        "line": 43,
        "loc": { "start": { "line": 43, "column": 34 }, "end": { "line": 43, "column": 53 } },
        "locations": [
          { "start": { "line": 43, "column": 34 }, "end": { "line": 43, "column": 53 } }
        ]
      },
      "5": {
        "type": "branch",
        "line": 47,
        "loc": { "start": { "line": 47, "column": 24 }, "end": { "line": 56, "column": 3 } },
        "locations": [{ "start": { "line": 47, "column": 24 }, "end": { "line": 56, "column": 3 } }]
      },
      "6": {
        "type": "branch",
        "line": 54,
        "loc": { "start": { "line": 54, "column": 34 }, "end": { "line": 54, "column": 53 } },
        "locations": [
          { "start": { "line": 54, "column": 34 }, "end": { "line": 54, "column": 53 } }
        ]
      },
      "7": {
        "type": "branch",
        "line": 58,
        "loc": { "start": { "line": 58, "column": 23 }, "end": { "line": 63, "column": 3 } },
        "locations": [{ "start": { "line": 58, "column": 23 }, "end": { "line": 63, "column": 3 } }]
      },
      "8": {
        "type": "branch",
        "line": 59,
        "loc": { "start": { "line": 59, "column": 15 }, "end": { "line": 59, "column": 34 } },
        "locations": [
          { "start": { "line": 59, "column": 15 }, "end": { "line": 59, "column": 34 } }
        ]
      },
      "9": {
        "type": "branch",
        "line": 65,
        "loc": { "start": { "line": 65, "column": 22 }, "end": { "line": 70, "column": 3 } },
        "locations": [{ "start": { "line": 65, "column": 22 }, "end": { "line": 70, "column": 3 } }]
      },
      "10": {
        "type": "branch",
        "line": 66,
        "loc": { "start": { "line": 66, "column": 35 }, "end": { "line": 66, "column": 54 } },
        "locations": [
          { "start": { "line": 66, "column": 35 }, "end": { "line": 66, "column": 54 } }
        ]
      },
      "11": {
        "type": "branch",
        "line": 72,
        "loc": { "start": { "line": 72, "column": 23 }, "end": { "line": 99, "column": 3 } },
        "locations": [{ "start": { "line": 72, "column": 23 }, "end": { "line": 99, "column": 3 } }]
      },
      "12": {
        "type": "branch",
        "line": 79,
        "loc": { "start": { "line": 79, "column": 34 }, "end": { "line": 79, "column": 53 } },
        "locations": [
          { "start": { "line": 79, "column": 34 }, "end": { "line": 79, "column": 53 } }
        ]
      },
      "13": {
        "type": "branch",
        "line": 83,
        "loc": { "start": { "line": 83, "column": 8 }, "end": { "line": 95, "column": 5 } },
        "locations": [{ "start": { "line": 83, "column": 8 }, "end": { "line": 95, "column": 5 } }]
      }
    },
    "b": {
      "0": [1],
      "1": [5],
      "2": [5],
      "3": [1],
      "4": [2],
      "5": [1],
      "6": [2],
      "7": [1],
      "8": [2],
      "9": [1],
      "10": [2],
      "11": [1],
      "12": [3],
      "13": [1]
    },
    "fnMap": {},
    "f": {}
  },
  "/Users/macmini/Desktop/file-zenith-web/tests/unit/reports/assets/index-BAYvVM30.js": {
    "path": "/Users/macmini/Desktop/file-zenith-web/tests/unit/reports/assets/index-BAYvVM30.js",
    "all": true,
    "statementMap": {
      "0": { "start": { "line": 1, "column": 0 }, "end": { "line": 1, "column": 882 } },
      "1": { "start": { "line": 2, "column": 0 }, "end": { "line": 2, "column": 21 } },
      "2": { "start": { "line": 3, "column": 0 }, "end": { "line": 3, "column": 55 } },
      "3": { "start": { "line": 4, "column": 0 }, "end": { "line": 4, "column": 14 } },
      "4": { "start": { "line": 5, "column": 0 }, "end": { "line": 5, "column": 3516 } },
      "5": { "start": { "line": 6, "column": 0 }, "end": { "line": 6, "column": 25 } },
      "6": { "start": { "line": 7, "column": 0 }, "end": { "line": 7, "column": 55 } },
      "7": { "start": { "line": 8, "column": 0 }, "end": { "line": 8, "column": 14 } },
      "8": { "start": { "line": 9, "column": 0 }, "end": { "line": 9, "column": 16553 } },
      "9": { "start": { "line": 10, "column": 0 }, "end": { "line": 10, "column": 27 } },
      "10": { "start": { "line": 11, "column": 0 }, "end": { "line": 11, "column": 55 } },
      "11": { "start": { "line": 12, "column": 0 }, "end": { "line": 12, "column": 14 } },
      "12": { "start": { "line": 13, "column": 0 }, "end": { "line": 13, "column": 45516 } },
      "13": { "start": { "line": 14, "column": 0 }, "end": { "line": 14, "column": 26 } },
      "14": { "start": { "line": 15, "column": 0 }, "end": { "line": 15, "column": 55 } },
      "15": { "start": { "line": 16, "column": 0 }, "end": { "line": 16, "column": 14 } },
      "16": { "start": { "line": 17, "column": 0 }, "end": { "line": 17, "column": 106066 } },
      "17": { "start": { "line": 18, "column": 0 }, "end": { "line": 18, "column": 59 } },
      "18": { "start": { "line": 19, "column": 0 }, "end": { "line": 19, "column": 7990 } },
      "19": { "start": { "line": 20, "column": 0 }, "end": { "line": 20, "column": 38460 } },
      "20": { "start": { "line": 21, "column": 0 }, "end": { "line": 21, "column": 38682 } },
      "21": { "start": { "line": 22, "column": 0 }, "end": { "line": 22, "column": 0 } },
      "22": { "start": { "line": 23, "column": 0 }, "end": { "line": 23, "column": 89 } },
      "23": { "start": { "line": 24, "column": 0 }, "end": { "line": 24, "column": 18792 } },
      "24": { "start": { "line": 25, "column": 0 }, "end": { "line": 25, "column": 22690 } },
      "25": { "start": { "line": 26, "column": 0 }, "end": { "line": 26, "column": 68 } },
      "26": { "start": { "line": 27, "column": 0 }, "end": { "line": 27, "column": 4432 } },
      "27": { "start": { "line": 28, "column": 0 }, "end": { "line": 28, "column": 71 } },
      "28": { "start": { "line": 29, "column": 0 }, "end": { "line": 29, "column": 74 } },
      "29": { "start": { "line": 30, "column": 0 }, "end": { "line": 30, "column": 53060 } },
      "30": { "start": { "line": 31, "column": 0 }, "end": { "line": 31, "column": 14048 } },
      "31": { "start": { "line": 32, "column": 0 }, "end": { "line": 32, "column": 18107 } },
      "32": { "start": { "line": 33, "column": 0 }, "end": { "line": 33, "column": 486 } },
      "33": { "start": { "line": 34, "column": 0 }, "end": { "line": 34, "column": 12 } },
      "34": { "start": { "line": 35, "column": 0 }, "end": { "line": 35, "column": 11404 } },
      "35": { "start": { "line": 36, "column": 0 }, "end": { "line": 36, "column": 26 } },
      "36": { "start": { "line": 37, "column": 0 }, "end": { "line": 37, "column": 1988 } },
      "37": { "start": { "line": 38, "column": 0 }, "end": { "line": 38, "column": 224 } },
      "38": { "start": { "line": 39, "column": 0 }, "end": { "line": 39, "column": 9814 } },
      "39": { "start": { "line": 40, "column": 0 }, "end": { "line": 40, "column": 3473 } },
      "40": { "start": { "line": 41, "column": 0 }, "end": { "line": 41, "column": 849 } },
      "41": { "start": { "line": 42, "column": 0 }, "end": { "line": 42, "column": 71 } },
      "42": { "start": { "line": 43, "column": 0 }, "end": { "line": 43, "column": 82 } },
      "43": { "start": { "line": 44, "column": 0 }, "end": { "line": 44, "column": 110968 } },
      "44": { "start": { "line": 45, "column": 0 }, "end": { "line": 45, "column": 438 } },
      "45": { "start": { "line": 46, "column": 0 }, "end": { "line": 46, "column": 337 } },
      "46": { "start": { "line": 47, "column": 0 }, "end": { "line": 47, "column": 39177 } },
      "47": { "start": { "line": 48, "column": 0 }, "end": { "line": 48, "column": 36653 } },
      "48": { "start": { "line": 49, "column": 0 }, "end": { "line": 49, "column": 21 } },
      "49": { "start": { "line": 50, "column": 0 }, "end": { "line": 50, "column": 38 } },
      "50": { "start": { "line": 51, "column": 0 }, "end": { "line": 51, "column": 16 } },
      "51": { "start": { "line": 52, "column": 0 }, "end": { "line": 52, "column": 24001 } }
    },
    "s": {
      "0": 0,
      "1": 0,
      "2": 0,
      "3": 0,
      "4": 0,
      "5": 0,
      "6": 0,
      "7": 0,
      "8": 0,
      "9": 0,
      "10": 0,
      "11": 0,
      "12": 0,
      "13": 0,
      "14": 0,
      "15": 0,
      "16": 0,
      "17": 0,
      "18": 0,
      "19": 0,
      "20": 0,
      "21": 0,
      "22": 0,
      "23": 0,
      "24": 0,
      "25": 0,
      "26": 0,
      "27": 0,
      "28": 0,
      "29": 0,
      "30": 0,
      "31": 0,
      "32": 0,
      "33": 0,
      "34": 0,
      "35": 0,
      "36": 0,
      "37": 0,
      "38": 0,
      "39": 0,
      "40": 0,
      "41": 0,
      "42": 0,
      "43": 0,
      "44": 0,
      "45": 0,
      "46": 0,
      "47": 0,
      "48": 0,
      "49": 0,
      "50": 0,
      "51": 0
    },
    "branchMap": {
      "0": {
        "type": "branch",
        "line": 1,
        "loc": { "start": { "line": 1, "column": 0 }, "end": { "line": 52, "column": 23992 } },
        "locations": [
          { "start": { "line": 1, "column": 0 }, "end": { "line": 52, "column": 23992 } }
        ]
      }
    },
    "b": { "0": [0] },
    "fnMap": {
      "0": {
        "name": "(empty-report)",
        "decl": { "start": { "line": 1, "column": 0 }, "end": { "line": 52, "column": 23992 } },
        "loc": { "start": { "line": 1, "column": 0 }, "end": { "line": 52, "column": 23992 } },
        "line": 1
      }
    },
    "f": { "0": 0 }
  },
  "/Users/macmini/Desktop/file-zenith-web/tests/unit/utils/cn.test.ts": {
    "path": "/Users/macmini/Desktop/file-zenith-web/tests/unit/utils/cn.test.ts",
    "all": false,
    "statementMap": {
      "0": { "start": { "line": 1, "column": 0 }, "end": { "line": 1, "column": 46 } },
      "1": { "start": { "line": 2, "column": 0 }, "end": { "line": 2, "column": 32 } },
      "3": { "start": { "line": 4, "column": 0 }, "end": { "line": 4, "column": 39 } },
      "4": { "start": { "line": 5, "column": 0 }, "end": { "line": 5, "column": 27 } },
      "5": { "start": { "line": 6, "column": 0 }, "end": { "line": 6, "column": 60 } },
      "6": { "start": { "line": 7, "column": 0 }, "end": { "line": 7, "column": 56 } },
      "7": { "start": { "line": 8, "column": 0 }, "end": { "line": 8, "column": 5 } },
      "9": { "start": { "line": 10, "column": 0 }, "end": { "line": 10, "column": 24 } },
      "10": { "start": { "line": 11, "column": 0 }, "end": { "line": 11, "column": 26 } },
      "11": { "start": { "line": 12, "column": 0 }, "end": { "line": 12, "column": 95 } },
      "12": { "start": { "line": 13, "column": 0 }, "end": { "line": 13, "column": 51 } },
      "13": { "start": { "line": 14, "column": 0 }, "end": { "line": 14, "column": 5 } },
      "15": { "start": { "line": 16, "column": 0 }, "end": { "line": 16, "column": 40 } },
      "16": { "start": { "line": 17, "column": 0 }, "end": { "line": 17, "column": 55 } },
      "17": { "start": { "line": 18, "column": 0 }, "end": { "line": 18, "column": 41 } },
      "18": { "start": { "line": 19, "column": 0 }, "end": { "line": 19, "column": 5 } },
      "20": { "start": { "line": 21, "column": 0 }, "end": { "line": 21, "column": 29 } },
      "21": { "start": { "line": 22, "column": 0 }, "end": { "line": 22, "column": 23 } },
      "22": { "start": { "line": 23, "column": 0 }, "end": { "line": 23, "column": 27 } },
      "23": { "start": { "line": 24, "column": 0 }, "end": { "line": 24, "column": 27 } },
      "24": { "start": { "line": 25, "column": 0 }, "end": { "line": 25, "column": 18 } },
      "25": { "start": { "line": 26, "column": 0 }, "end": { "line": 26, "column": 7 } },
      "26": { "start": { "line": 27, "column": 0 }, "end": { "line": 27, "column": 44 } },
      "27": { "start": { "line": 28, "column": 0 }, "end": { "line": 28, "column": 5 } },
      "29": { "start": { "line": 30, "column": 0 }, "end": { "line": 30, "column": 27 } },
      "30": { "start": { "line": 31, "column": 0 }, "end": { "line": 31, "column": 62 } },
      "31": { "start": { "line": 32, "column": 0 }, "end": { "line": 32, "column": 56 } },
      "32": { "start": { "line": 33, "column": 0 }, "end": { "line": 33, "column": 5 } },
      "34": { "start": { "line": 35, "column": 0 }, "end": { "line": 35, "column": 41 } },
      "35": { "start": { "line": 36, "column": 0 }, "end": { "line": 36, "column": 69 } },
      "36": { "start": { "line": 37, "column": 0 }, "end": { "line": 37, "column": 44 } },
      "37": { "start": { "line": 38, "column": 0 }, "end": { "line": 38, "column": 5 } },
      "38": { "start": { "line": 39, "column": 0 }, "end": { "line": 39, "column": 3 } }
    },
    "s": {
      "0": 1,
      "1": 1,
      "3": 1,
      "4": 1,
      "5": 1,
      "6": 1,
      "7": 1,
      "9": 1,
      "10": 1,
      "11": 1,
      "12": 1,
      "13": 1,
      "15": 1,
      "16": 1,
      "17": 1,
      "18": 1,
      "20": 1,
      "21": 1,
      "22": 1,
      "23": 1,
      "24": 1,
      "25": 1,
      "26": 1,
      "27": 1,
      "29": 1,
      "30": 1,
      "31": 1,
      "32": 1,
      "34": 1,
      "35": 1,
      "36": 1,
      "37": 1,
      "38": 1
    },
    "branchMap": {
      "0": {
        "type": "branch",
        "line": 4,
        "loc": { "start": { "line": 4, "column": 32 }, "end": { "line": 39, "column": 3 } },
        "locations": [{ "start": { "line": 4, "column": 32 }, "end": { "line": 39, "column": 3 } }]
      },
      "1": {
        "type": "branch",
        "line": 5,
        "loc": { "start": { "line": 5, "column": 20 }, "end": { "line": 8, "column": 3 } },
        "locations": [{ "start": { "line": 5, "column": 20 }, "end": { "line": 8, "column": 3 } }]
      },
      "2": {
        "type": "branch",
        "line": 10,
        "loc": { "start": { "line": 10, "column": 17 }, "end": { "line": 14, "column": 3 } },
        "locations": [{ "start": { "line": 10, "column": 17 }, "end": { "line": 14, "column": 3 } }]
      },
      "3": {
        "type": "branch",
        "line": 12,
        "loc": { "start": { "line": 12, "column": 65 }, "end": { "line": 12, "column": 93 } },
        "locations": [
          { "start": { "line": 12, "column": 65 }, "end": { "line": 12, "column": 93 } }
        ]
      },
      "4": {
        "type": "branch",
        "line": 16,
        "loc": { "start": { "line": 16, "column": 33 }, "end": { "line": 19, "column": 3 } },
        "locations": [{ "start": { "line": 16, "column": 33 }, "end": { "line": 19, "column": 3 } }]
      },
      "5": {
        "type": "branch",
        "line": 21,
        "loc": { "start": { "line": 21, "column": 22 }, "end": { "line": 28, "column": 3 } },
        "locations": [{ "start": { "line": 21, "column": 22 }, "end": { "line": 28, "column": 3 } }]
      },
      "6": {
        "type": "branch",
        "line": 30,
        "loc": { "start": { "line": 30, "column": 20 }, "end": { "line": 33, "column": 3 } },
        "locations": [{ "start": { "line": 30, "column": 20 }, "end": { "line": 33, "column": 3 } }]
      },
      "7": {
        "type": "branch",
        "line": 35,
        "loc": { "start": { "line": 35, "column": 34 }, "end": { "line": 38, "column": 3 } },
        "locations": [{ "start": { "line": 35, "column": 34 }, "end": { "line": 38, "column": 3 } }]
      }
    },
    "b": { "0": [1], "1": [1], "2": [1], "3": [0], "4": [1], "5": [1], "6": [1], "7": [1] },
    "fnMap": {},
    "f": {}
  }
}
